<?xml version="1.0" encoding="UTF-8"?>
<testsuite xmlns:xsi="http://www.w3.org/2001/XMLSchema-instance" xsi:noNamespaceSchemaLocation="https://maven.apache.org/surefire/maven-surefire-plugin/xsd/surefire-test-report-3.0.xsd" version="3.0" name="com.ntu.edu.group5.ecommerce.CustomerControllerTest" time="22.099" tests="4" errors="0" skipped="0" failures="0">
  <properties>
[...]
</properties>
  <testcase name="getCustomerByIdTest" classname="com.ntu.edu.group5.ecommerce.CustomerControllerTest" time="0.996">
    <system-out><![CDATA[13:31:18.089 [main] INFO  o.s.t.c.s.AnnotationConfigContextLoaderUtils - Could not detect default configuration classes for test class [com.ntu.edu.group5.ecommerce.CustomerControllerTest]: CustomerControllerTest does not declare any static, non-private, non-final, nested classes annotated with @Configuration.
13:31:18.368 [main] INFO  o.s.b.t.c.SpringBootTestContextBootstrapper - Found @SpringBootConfiguration com.ntu.edu.group5.ecommerce.EcommerceApplication for test class com.ntu.edu.group5.ecommerce.CustomerControllerTest
13:31:19.174 [background-preinit] INFO  o.h.validator.internal.util.Version - HV000001: Hibernate Validator 8.0.1.Final

  .   ____          _            __ _ _
 /\\ / ___'_ __ _ _(_)_ __  __ _ \ \ \ \
( ( )\___ | '_ | '_| | '_ \/ _` | \ \ \ \
 \\/  ___)| |_)| | | | | || (_| |  ) ) ) )
  '  |____| .__|_| |_|_| |_\__, | / / / /
 =========|_|==============|___/=/_/_/_/
 :: Spring Boot ::                (v3.2.1)

13:31:19.507 [main] INFO  c.n.e.g.e.CustomerControllerTest - Starting CustomerControllerTest using Java 17.0.9 with PID 35514 (started by catherinetiong in /Users/catherinetiong/module4)
13:31:19.509 [main] INFO  c.n.e.g.e.CustomerControllerTest - The following 1 profile is active: "prod"
13:31:24.383 [main] INFO  o.s.d.r.c.RepositoryConfigurationDelegate - Bootstrapping Spring Data JPA repositories in DEFAULT mode.
13:31:24.579 [main] INFO  o.s.d.r.c.RepositoryConfigurationDelegate - Finished Spring Data repository scanning in 183 ms. Found 7 JPA repository interfaces.
13:31:27.191 [main] INFO  o.h.jpa.internal.util.LogHelper - HHH000204: Processing PersistenceUnitInfo [name: default]
13:31:27.310 [main] INFO  org.hibernate.Version - HHH000412: Hibernate ORM core version 6.4.1.Final
13:31:27.407 [main] INFO  o.h.c.i.RegionFactoryInitiator - HHH000026: Second-level cache disabled
13:31:27.952 [main] INFO  o.s.o.j.p.SpringPersistenceUnitInfo - No LoadTimeWeaver setup: ignoring JPA class transformer
13:31:27.994 [main] INFO  com.zaxxer.hikari.HikariDataSource - HikariPool-1 - Starting...
13:31:28.230 [main] INFO  com.zaxxer.hikari.pool.HikariPool - HikariPool-1 - Added connection org.postgresql.jdbc.PgConnection@33eab2e8
13:31:28.233 [main] INFO  com.zaxxer.hikari.HikariDataSource - HikariPool-1 - Start completed.
13:31:28.281 [main] WARN  org.hibernate.orm.deprecation - HHH90000025: PostgreSQLDialect does not need to be specified explicitly using 'hibernate.dialect' (remove the property setting and it will be selected by default)
13:31:30.046 [main] INFO  o.h.e.t.j.p.i.JtaPlatformInitiator - HHH000489: No JTA platform available (set 'hibernate.transaction.jta.platform' to enable JTA platform integration)
13:31:30.250 [main] INFO  o.s.o.j.LocalContainerEntityManagerFactoryBean - Initialized JPA EntityManagerFactory for persistence unit 'default'
13:31:33.101 [main] INFO  c.n.e.g.e.service.AddressServiceImpl - 🏠🔵 AddressServiceImpl - received creat request  customerId 1 blockNumber  streetName Jalan Tukang buildingName Smith Place city SG state SG postalCode 670455
13:31:33.160 [main] INFO  c.n.e.g.e.service.AddressServiceImpl - 🏠🔵 foundCustomer com.ntu.edu.group5.ecommerce.entity.Customer@1aaa3406
13:31:33.167 [main] INFO  c.n.e.g.e.service.AddressServiceImpl - 🏠🟢 POST newAddress saved in orderRepo com.ntu.edu.group5.ecommerce.entity.Address@352bea0e
13:31:33.167 [main] INFO  c.n.e.g.e.service.AddressServiceImpl - 🏠🔵 AddressServiceImpl - received creat request  customerId 1 blockNumber  streetName Jalan Bakar buildingName Burns city SG state SG postalCode 670456
13:31:33.176 [main] INFO  c.n.e.g.e.service.AddressServiceImpl - 🏠🔵 foundCustomer com.ntu.edu.group5.ecommerce.entity.Customer@a8177f6
13:31:33.181 [main] INFO  c.n.e.g.e.service.AddressServiceImpl - 🏠🟢 POST newAddress saved in orderRepo com.ntu.edu.group5.ecommerce.entity.Address@7421213d
13:31:33.182 [main] INFO  c.n.e.g.e.service.AddressServiceImpl - 🏠🔵 AddressServiceImpl - received creat request  customerId 1 blockNumber  streetName Jalan Tunang buildingName Engaged Building city SG state SG postalCode 670456
13:31:33.191 [main] INFO  c.n.e.g.e.service.AddressServiceImpl - 🏠🔵 foundCustomer com.ntu.edu.group5.ecommerce.entity.Customer@5a0c0680
13:31:33.195 [main] INFO  c.n.e.g.e.service.AddressServiceImpl - 🏠🟢 POST newAddress saved in orderRepo com.ntu.edu.group5.ecommerce.entity.Address@67629872
13:31:33.198 [main] INFO  c.n.e.g.e.service.AddressServiceImpl - 🏠🔵 AddressServiceImpl - received creat request  customerId 2 blockNumber  streetName Kampung Java buildingName Java Village city SG state SG postalCode 670457
13:31:33.210 [main] INFO  c.n.e.g.e.service.AddressServiceImpl - 🏠🔵 foundCustomer com.ntu.edu.group5.ecommerce.entity.Customer@4ce5013a
13:31:33.215 [main] INFO  c.n.e.g.e.service.AddressServiceImpl - 🏠🟢 POST newAddress saved in orderRepo com.ntu.edu.group5.ecommerce.entity.Address@14997cb9
13:31:33.215 [main] INFO  c.n.e.g.e.service.AddressServiceImpl - 🏠🔵 AddressServiceImpl - received creat request  customerId 2 blockNumber  streetName Jalan Satay buildingName Satay Street city SG state SG postalCode 670458
13:31:33.223 [main] INFO  c.n.e.g.e.service.AddressServiceImpl - 🏠🔵 foundCustomer com.ntu.edu.group5.ecommerce.entity.Customer@9751c9
13:31:33.234 [main] INFO  c.n.e.g.e.service.AddressServiceImpl - 🏠🟢 POST newAddress saved in orderRepo com.ntu.edu.group5.ecommerce.entity.Address@23f16852
13:31:33.236 [main] INFO  c.n.e.g.e.service.AddressServiceImpl - 🏠🔵 AddressServiceImpl - received creat request  customerId 3 blockNumber  streetName Kay Poh Road buildingName Busy Body Inc city SG state SG postalCode 670459
13:31:33.249 [main] INFO  c.n.e.g.e.service.AddressServiceImpl - 🏠🔵 foundCustomer com.ntu.edu.group5.ecommerce.entity.Customer@27b9d5b7
13:31:33.256 [main] INFO  c.n.e.g.e.service.AddressServiceImpl - 🏠🟢 POST newAddress saved in orderRepo com.ntu.edu.group5.ecommerce.entity.Address@3dfb1626
13:31:33.256 [main] INFO  c.n.e.g.e.service.AddressServiceImpl - 🏠🔵 AddressServiceImpl - received creat request  customerId 3 blockNumber  streetName Lorong Lew Lian buildingName Durian Hub city SG state SG postalCode 670460
13:31:33.265 [main] INFO  c.n.e.g.e.service.AddressServiceImpl - 🏠🔵 foundCustomer com.ntu.edu.group5.ecommerce.entity.Customer@6d8cbd1a
13:31:33.269 [main] INFO  c.n.e.g.e.service.AddressServiceImpl - 🏠🟢 POST newAddress saved in orderRepo com.ntu.edu.group5.ecommerce.entity.Address@3723de42
13:31:33.269 [main] INFO  c.n.e.g.e.service.AddressServiceImpl - 🏠🔵 AddressServiceImpl - received creat request  customerId 4 blockNumber  streetName Rotan Lane buildingName Discipline Place city SG state SG postalCode 670461
13:31:33.278 [main] INFO  c.n.e.g.e.service.AddressServiceImpl - 🏠🔵 foundCustomer com.ntu.edu.group5.ecommerce.entity.Customer@59d8a968
13:31:33.282 [main] INFO  c.n.e.g.e.service.AddressServiceImpl - 🏠🟢 POST newAddress saved in orderRepo com.ntu.edu.group5.ecommerce.entity.Address@174da9a0
13:31:33.282 [main] INFO  c.n.e.g.e.service.AddressServiceImpl - 🏠🔵 AddressServiceImpl - received creat request  customerId 4 blockNumber  streetName Pending Road buildingName Wait Long Long city SG state SG postalCode 670462
13:31:33.293 [main] INFO  c.n.e.g.e.service.AddressServiceImpl - 🏠🔵 foundCustomer com.ntu.edu.group5.ecommerce.entity.Customer@402d45c6
13:31:33.299 [main] INFO  c.n.e.g.e.service.AddressServiceImpl - 🏠🟢 POST newAddress saved in orderRepo com.ntu.edu.group5.ecommerce.entity.Address@42599b84
13:31:33.299 [main] INFO  c.n.e.g.e.service.AddressServiceImpl - 🏠🔵 AddressServiceImpl - received creat request  customerId 5 blockNumber  streetName Jalan Malu Malu buildingName Shy city SG state SG postalCode 670462
13:31:33.306 [main] INFO  c.n.e.g.e.service.AddressServiceImpl - 🏠🔵 foundCustomer com.ntu.edu.group5.ecommerce.entity.Customer@52811dc1
13:31:33.312 [main] INFO  c.n.e.g.e.service.AddressServiceImpl - 🏠🟢 POST newAddress saved in orderRepo com.ntu.edu.group5.ecommerce.entity.Address@2c69ea30
13:31:33.313 [main] INFO  c.n.e.g.e.service.AddressServiceImpl - 🏠🔵 AddressServiceImpl - received creat request  customerId 5 blockNumber  streetName Jalan Langgar buildingName Crash Zone city SG state SG postalCode 670463
13:31:33.319 [main] INFO  c.n.e.g.e.service.AddressServiceImpl - 🏠🔵 foundCustomer com.ntu.edu.group5.ecommerce.entity.Customer@651a399
13:31:33.323 [main] INFO  c.n.e.g.e.service.AddressServiceImpl - 🏠🟢 POST newAddress saved in orderRepo com.ntu.edu.group5.ecommerce.entity.Address@8fd3eee
13:31:33.323 [main] INFO  c.n.e.g.e.service.AddressServiceImpl - 🏠🔵 AddressServiceImpl - received creat request  customerId 6 blockNumber  streetName Jalan Pisang buildingName Banana city SG state SG postalCode 670464
13:31:33.334 [main] INFO  c.n.e.g.e.service.AddressServiceImpl - 🏠🔵 foundCustomer com.ntu.edu.group5.ecommerce.entity.Customer@5a513627
13:31:33.340 [main] INFO  c.n.e.g.e.service.AddressServiceImpl - 🏠🟢 POST newAddress saved in orderRepo com.ntu.edu.group5.ecommerce.entity.Address@7c52df60
13:31:33.340 [main] INFO  c.n.e.g.e.service.AddressServiceImpl - 🏠🔵 AddressServiceImpl - received creat request  customerId 7 blockNumber  streetName Kallang Pudding Road buildingName Pudding city SG state SG postalCode 670464
13:31:33.347 [main] INFO  c.n.e.g.e.service.AddressServiceImpl - 🏠🔵 foundCustomer com.ntu.edu.group5.ecommerce.entity.Customer@329cef32
13:31:33.352 [main] INFO  c.n.e.g.e.service.AddressServiceImpl - 🏠🟢 POST newAddress saved in orderRepo com.ntu.edu.group5.ecommerce.entity.Address@62cbe18c
13:31:33.352 [main] INFO  c.n.e.g.e.service.AddressServiceImpl - 🏠🔵 AddressServiceImpl - received creat request  customerId 8 blockNumber  streetName Sandwich Road buildingName Delicious city SG state SG postalCode 670465
13:31:33.357 [main] INFO  c.n.e.g.e.service.AddressServiceImpl - 🏠🔵 foundCustomer com.ntu.edu.group5.ecommerce.entity.Customer@3f2f6818
13:31:33.361 [main] INFO  c.n.e.g.e.service.AddressServiceImpl - 🏠🟢 POST newAddress saved in orderRepo com.ntu.edu.group5.ecommerce.entity.Address@63cff421
13:31:33.362 [main] INFO  c.n.e.g.e.service.AddressServiceImpl - 🏠🔵 AddressServiceImpl - received creat request  customerId 9 blockNumber  streetName Cheow Keng Road buildingName Escape city SG state SG postalCode 670466
13:31:33.366 [main] INFO  c.n.e.g.e.service.AddressServiceImpl - 🏠🔵 foundCustomer com.ntu.edu.group5.ecommerce.entity.Customer@27f6854b
13:31:33.373 [main] INFO  c.n.e.g.e.service.AddressServiceImpl - 🏠🟢 POST newAddress saved in orderRepo com.ntu.edu.group5.ecommerce.entity.Address@651bec9a
13:31:33.374 [main] INFO  c.n.e.g.e.service.AddressServiceImpl - 🏠🔵 AddressServiceImpl - received creat request  customerId 10 blockNumber  streetName Robinson Road buildingName Robbing son city SG state SG postalCode 670467
13:31:33.379 [main] INFO  c.n.e.g.e.service.AddressServiceImpl - 🏠🔵 foundCustomer com.ntu.edu.group5.ecommerce.entity.Customer@6ae1d5f1
13:31:33.389 [main] INFO  c.n.e.g.e.service.AddressServiceImpl - 🏠🟢 POST newAddress saved in orderRepo com.ntu.edu.group5.ecommerce.entity.Address@28c38eeb
13:31:33.406 [main] INFO  c.n.e.g.e.service.ProductServiceImpl - 🧾🔵 finding foundSeller ... 1
13:31:33.417 [main] INFO  c.n.e.g.e.service.ProductServiceImpl - 🧾🔵 finding foundSeller ... 1
13:31:33.424 [main] INFO  c.n.e.g.e.service.ProductServiceImpl - 🧾🔵 finding foundSeller ... 1
13:31:33.430 [main] INFO  c.n.e.g.e.service.ProductServiceImpl - 🧾🔵 finding foundSeller ... 1
13:31:33.439 [main] INFO  c.n.e.g.e.service.ProductServiceImpl - 🧾🔵 finding foundSeller ... 1
13:31:33.649 [main] INFO  c.n.e.g.e.service.ProductServiceImpl - 🧾🔵 finding foundSeller ... 1
13:31:33.656 [main] INFO  c.n.e.g.e.service.ProductServiceImpl - 🧾🔵 finding foundSeller ... 2
13:31:33.661 [main] INFO  c.n.e.g.e.service.ProductServiceImpl - 🧾🔵 finding foundSeller ... 2
13:31:33.667 [main] INFO  c.n.e.g.e.service.ProductServiceImpl - 🧾🔵 finding foundSeller ... 2
13:31:33.681 [main] INFO  c.n.e.g.e.service.ProductServiceImpl - 🧾🔵 finding foundSeller ... 2
13:31:33.686 [main] INFO  c.n.e.g.e.service.ProductServiceImpl - 🧾🔵 finding foundSeller ... 2
13:31:33.693 [main] INFO  c.n.e.g.e.service.ProductServiceImpl - 🧾🔵 finding foundSeller ... 2
13:31:33.739 [main] INFO  c.n.e.g.e.service.ProductServiceImpl - 🧾🔵 finding foundSeller ... 2
13:31:33.792 [main] INFO  c.n.e.g.e.service.ProductServiceImpl - 🧾🔵 finding foundSeller ... 3
13:31:33.800 [main] INFO  c.n.e.g.e.service.ProductServiceImpl - 🧾🔵 finding foundSeller ... 3
13:31:33.807 [main] INFO  c.n.e.g.e.service.ProductServiceImpl - 🧾🔵 finding foundSeller ... 3
13:31:33.813 [main] INFO  c.n.e.g.e.service.ProductServiceImpl - 🧾🔵 finding foundSeller ... 3
13:31:33.818 [main] INFO  c.n.e.g.e.service.ProductServiceImpl - 🧾🔵 finding foundSeller ... 3
13:31:33.825 [main] INFO  c.n.e.g.e.service.ProductServiceImpl - 🧾🔵 finding foundSeller ... 3
13:31:33.835 [main] INFO  c.n.e.g.e.service.ProductServiceImpl - 🧾🔵 finding foundSeller ... 3
13:31:33.842 [main] INFO  c.n.e.g.e.service.OrderServiceImpl - 🧾🔵 createOrder requested addressId 1
13:31:33.856 [main] INFO  c.n.e.g.e.service.OrderServiceImpl - 🧾🔵 foundAddress com.ntu.edu.group5.ecommerce.entity.Address@521032a6
13:31:33.882 [main] INFO  c.n.e.g.e.service.OrderServiceImpl - 🧾🟢(d) POST newOrder saved in orderRepo Order [orderId=1, orderDate=2024-01-14 13:31:33.858465, orderAddress=com.ntu.edu.group5.ecommerce.entity.Address@521032a6, orderedItems=[], total=0.0]
13:31:33.883 [main] INFO  c.n.e.g.e.service.OrderServiceImpl - 🧾🔵 createOrder requested addressId 2
13:31:33.904 [main] INFO  c.n.e.g.e.service.OrderServiceImpl - 🧾🔵 foundAddress com.ntu.edu.group5.ecommerce.entity.Address@2252dc5d
13:31:33.914 [main] INFO  c.n.e.g.e.service.OrderServiceImpl - 🧾🟢(d) POST newOrder saved in orderRepo Order [orderId=2, orderDate=2024-01-14 13:31:33.906092, orderAddress=com.ntu.edu.group5.ecommerce.entity.Address@2252dc5d, orderedItems=[], total=0.0]
13:31:33.915 [main] INFO  c.n.e.g.e.service.OrderServiceImpl - 🧾🔵 createOrder requested addressId 3
13:31:33.957 [main] INFO  c.n.e.g.e.service.OrderServiceImpl - 🧾🔵 foundAddress com.ntu.edu.group5.ecommerce.entity.Address@9670873
13:31:33.963 [main] INFO  c.n.e.g.e.service.OrderServiceImpl - 🧾🟢(d) POST newOrder saved in orderRepo Order [orderId=3, orderDate=2024-01-14 13:31:33.958891, orderAddress=com.ntu.edu.group5.ecommerce.entity.Address@9670873, orderedItems=[], total=0.0]
13:31:33.964 [main] INFO  c.n.e.g.e.service.OrderServiceImpl - 🧾🔵 createOrder requested addressId 4
13:31:33.977 [main] INFO  c.n.e.g.e.service.OrderServiceImpl - 🧾🔵 foundAddress com.ntu.edu.group5.ecommerce.entity.Address@5292d417
13:31:33.985 [main] INFO  c.n.e.g.e.service.OrderServiceImpl - 🧾🟢(d) POST newOrder saved in orderRepo Order [orderId=4, orderDate=2024-01-14 13:31:33.978933, orderAddress=com.ntu.edu.group5.ecommerce.entity.Address@5292d417, orderedItems=[], total=0.0]
13:31:33.985 [main] INFO  c.n.e.g.e.service.OrderServiceImpl - 🧾🔵 createOrder requested addressId 5
13:31:33.996 [main] INFO  c.n.e.g.e.service.OrderServiceImpl - 🧾🔵 foundAddress com.ntu.edu.group5.ecommerce.entity.Address@67726dd1
13:31:34.007 [main] INFO  c.n.e.g.e.service.OrderServiceImpl - 🧾🟢(d) POST newOrder saved in orderRepo Order [orderId=5, orderDate=2024-01-14 13:31:33.997223, orderAddress=com.ntu.edu.group5.ecommerce.entity.Address@67726dd1, orderedItems=[], total=0.0]
13:31:34.008 [main] INFO  c.n.e.g.e.service.OrderServiceImpl - 🧾🔵 createOrder requested addressId 6
13:31:34.016 [main] INFO  c.n.e.g.e.service.OrderServiceImpl - 🧾🔵 foundAddress com.ntu.edu.group5.ecommerce.entity.Address@3c9cab4
13:31:34.023 [main] INFO  c.n.e.g.e.service.OrderServiceImpl - 🧾🟢(d) POST newOrder saved in orderRepo Order [orderId=6, orderDate=2024-01-14 13:31:34.017908, orderAddress=com.ntu.edu.group5.ecommerce.entity.Address@3c9cab4, orderedItems=[], total=0.0]
13:31:34.023 [main] INFO  c.n.e.g.e.service.OrderServiceImpl - 🧾🔵 createOrder requested addressId 7
13:31:34.035 [main] INFO  c.n.e.g.e.service.OrderServiceImpl - 🧾🔵 foundAddress com.ntu.edu.group5.ecommerce.entity.Address@4f7bc9a3
13:31:34.043 [main] INFO  c.n.e.g.e.service.OrderServiceImpl - 🧾🟢(d) POST newOrder saved in orderRepo Order [orderId=7, orderDate=2024-01-14 13:31:34.03762, orderAddress=com.ntu.edu.group5.ecommerce.entity.Address@4f7bc9a3, orderedItems=[], total=0.0]
13:31:34.044 [main] INFO  c.n.e.g.e.service.OrderServiceImpl - 🧾🔵 createOrder requested addressId 8
13:31:34.055 [main] INFO  c.n.e.g.e.service.OrderServiceImpl - 🧾🔵 foundAddress com.ntu.edu.group5.ecommerce.entity.Address@3285c141
13:31:34.063 [main] INFO  c.n.e.g.e.service.OrderServiceImpl - 🧾🟢(d) POST newOrder saved in orderRepo Order [orderId=8, orderDate=2024-01-14 13:31:34.056224, orderAddress=com.ntu.edu.group5.ecommerce.entity.Address@3285c141, orderedItems=[], total=0.0]
13:31:34.063 [main] INFO  c.n.e.g.e.service.OrderServiceImpl - 🧾🔵 createOrder requested addressId 9
13:31:34.075 [main] INFO  c.n.e.g.e.service.OrderServiceImpl - 🧾🔵 foundAddress com.ntu.edu.group5.ecommerce.entity.Address@32cfd722
13:31:34.078 [main] INFO  c.n.e.g.e.service.OrderServiceImpl - 🧾🟢(d) POST newOrder saved in orderRepo Order [orderId=9, orderDate=2024-01-14 13:31:34.076252, orderAddress=com.ntu.edu.group5.ecommerce.entity.Address@32cfd722, orderedItems=[], total=0.0]
13:31:34.079 [main] INFO  c.n.e.g.e.service.OrderServiceImpl - 🧾🔵 createOrder requested addressId 10
13:31:34.088 [main] INFO  c.n.e.g.e.service.OrderServiceImpl - 🧾🔵 foundAddress com.ntu.edu.group5.ecommerce.entity.Address@13198b8e
13:31:34.094 [main] INFO  c.n.e.g.e.service.OrderServiceImpl - 🧾🟢(d) POST newOrder saved in orderRepo Order [orderId=10, orderDate=2024-01-14 13:31:34.089144, orderAddress=com.ntu.edu.group5.ecommerce.entity.Address@13198b8e, orderedItems=[], total=0.0]
13:31:34.249 [main] INFO  c.n.e.g.e.s.CartItemServiceImpl - 🛒 foundProductcom.ntu.edu.group5.ecommerce.entity.Product@f4e235e
13:31:34.275 [main] INFO  c.n.e.g.e.s.CartItemServiceImpl - 🛒 foundOrderOrder [orderId=1, orderDate=2024-01-14 13:31:33.858465, orderAddress=com.ntu.edu.group5.ecommerce.entity.Address@37a74cf4, orderedItems=[], total=0.0]
13:31:34.313 [main] INFO  c.n.e.g.e.s.CartItemServiceImpl - 🔵💲checking  currCartItem 2 unitPrice 1900.0 x cartItemQuantity 11 equals 20900.0
13:31:34.313 [main] INFO  c.n.e.g.e.s.CartItemServiceImpl - 🛒🟢💲 Checked calculation correct for Order. Saving to REPOOrder [orderId=1, orderDate=2024-01-14 13:31:33.858465, orderAddress=com.ntu.edu.group5.ecommerce.entity.Address@37a74cf4, orderedItems=[], total=0.0]
13:31:34.378 [main] INFO  c.n.e.g.e.s.CartItemServiceImpl - 🛒🟢  newCart set with product, quantity and order saved to repocom.ntu.edu.group5.ecommerce.entity.CartItem@3e5d10fc
13:31:34.383 [main] INFO  c.n.e.g.e.s.CartItemServiceImpl - 🛒 foundProductcom.ntu.edu.group5.ecommerce.entity.Product@6b02909d
13:31:34.406 [main] INFO  c.n.e.g.e.s.CartItemServiceImpl - 🛒 foundOrderOrder [orderId=1, orderDate=2024-01-14 13:31:33.858465, orderAddress=com.ntu.edu.group5.ecommerce.entity.Address@7b57587e, orderedItems=[com.ntu.edu.group5.ecommerce.entity.CartItem@1c8d9ac9], total=20900.0]
13:31:34.424 [main] INFO  c.n.e.g.e.s.CartItemServiceImpl - 🔵💲checking  currCartItem 1 unitPrice 1900.0 x cartItemQuantity 11 equals 20900.0
13:31:34.424 [main] INFO  c.n.e.g.e.s.CartItemServiceImpl - 🔵💲checking  currCartItem 2 unitPrice 3700.0 x cartItemQuantity 22 equals 81400.0
13:31:34.425 [main] INFO  c.n.e.g.e.s.CartItemServiceImpl - 🛒🟢💲 Checked calculation correct for Order. Saving to REPOOrder [orderId=1, orderDate=2024-01-14 13:31:33.858465, orderAddress=com.ntu.edu.group5.ecommerce.entity.Address@7b57587e, orderedItems=[com.ntu.edu.group5.ecommerce.entity.CartItem@1c8d9ac9], total=20900.0]
13:31:34.451 [main] INFO  c.n.e.g.e.s.CartItemServiceImpl - 🛒🟢  newCart set with product, quantity and order saved to repocom.ntu.edu.group5.ecommerce.entity.CartItem@26e588b7
13:31:34.456 [main] INFO  c.n.e.g.e.s.CartItemServiceImpl - 🛒 foundProductcom.ntu.edu.group5.ecommerce.entity.Product@718198db
13:31:34.492 [main] INFO  c.n.e.g.e.s.CartItemServiceImpl - 🛒 foundOrderOrder [orderId=1, orderDate=2024-01-14 13:31:33.858465, orderAddress=com.ntu.edu.group5.ecommerce.entity.Address@4d7a4317, orderedItems=[com.ntu.edu.group5.ecommerce.entity.CartItem@2daf650b, com.ntu.edu.group5.ecommerce.entity.CartItem@4434eb51], total=102300.0]
13:31:34.509 [main] INFO  c.n.e.g.e.s.CartItemServiceImpl - 🔵💲checking  currCartItem 1 unitPrice 1900.0 x cartItemQuantity 11 equals 20900.0
13:31:34.510 [main] INFO  c.n.e.g.e.s.CartItemServiceImpl - 🔵💲checking  currCartItem 1 unitPrice 3700.0 x cartItemQuantity 22 equals 81400.0
13:31:34.510 [main] INFO  c.n.e.g.e.s.CartItemServiceImpl - 🔵💲checking  currCartItem 3 unitPrice 2200.0 x cartItemQuantity 33 equals 72600.0
13:31:34.510 [main] INFO  c.n.e.g.e.s.CartItemServiceImpl - 🛒🟢💲 Checked calculation correct for Order. Saving to REPOOrder [orderId=1, orderDate=2024-01-14 13:31:33.858465, orderAddress=com.ntu.edu.group5.ecommerce.entity.Address@4d7a4317, orderedItems=[com.ntu.edu.group5.ecommerce.entity.CartItem@2daf650b, com.ntu.edu.group5.ecommerce.entity.CartItem@4434eb51], total=102300.0]
13:31:34.567 [main] INFO  c.n.e.g.e.s.CartItemServiceImpl - 🛒🟢  newCart set with product, quantity and order saved to repocom.ntu.edu.group5.ecommerce.entity.CartItem@3020f22
13:31:34.573 [main] INFO  c.n.e.g.e.s.CartItemServiceImpl - 🛒 foundProductcom.ntu.edu.group5.ecommerce.entity.Product@592e315e
13:31:34.610 [main] INFO  c.n.e.g.e.s.CartItemServiceImpl - 🛒 foundOrderOrder [orderId=1, orderDate=2024-01-14 13:31:33.858465, orderAddress=com.ntu.edu.group5.ecommerce.entity.Address@297db6ad, orderedItems=[com.ntu.edu.group5.ecommerce.entity.CartItem@5e92a27, com.ntu.edu.group5.ecommerce.entity.CartItem@62857555, com.ntu.edu.group5.ecommerce.entity.CartItem@3b870ed3], total=174900.0]
13:31:34.635 [main] INFO  c.n.e.g.e.s.CartItemServiceImpl - 🔵💲checking  currCartItem 1 unitPrice 1900.0 x cartItemQuantity 11 equals 20900.0
13:31:34.636 [main] INFO  c.n.e.g.e.s.CartItemServiceImpl - 🔵💲checking  currCartItem 1 unitPrice 3700.0 x cartItemQuantity 22 equals 81400.0
13:31:34.637 [main] INFO  c.n.e.g.e.s.CartItemServiceImpl - 🔵💲checking  currCartItem 2 unitPrice 2200.0 x cartItemQuantity 33 equals 72600.0
13:31:34.637 [main] INFO  c.n.e.g.e.s.CartItemServiceImpl - 🔵💲checking  currCartItem 4 unitPrice 2300.0 x cartItemQuantity 44 equals 101200.0
13:31:34.637 [main] INFO  c.n.e.g.e.s.CartItemServiceImpl - 🛒🟢💲 Checked calculation correct for Order. Saving to REPOOrder [orderId=1, orderDate=2024-01-14 13:31:33.858465, orderAddress=com.ntu.edu.group5.ecommerce.entity.Address@297db6ad, orderedItems=[com.ntu.edu.group5.ecommerce.entity.CartItem@5e92a27, com.ntu.edu.group5.ecommerce.entity.CartItem@62857555, com.ntu.edu.group5.ecommerce.entity.CartItem@3b870ed3], total=174900.0]
13:31:34.689 [main] INFO  c.n.e.g.e.s.CartItemServiceImpl - 🛒🟢  newCart set with product, quantity and order saved to repocom.ntu.edu.group5.ecommerce.entity.CartItem@38950138
13:31:34.693 [main] INFO  c.n.e.g.e.s.CartItemServiceImpl - 🛒 foundProductcom.ntu.edu.group5.ecommerce.entity.Product@17287458
13:31:34.744 [main] INFO  c.n.e.g.e.s.CartItemServiceImpl - 🛒 foundOrderOrder [orderId=2, orderDate=2024-01-14 13:31:33.906092, orderAddress=com.ntu.edu.group5.ecommerce.entity.Address@119cd026, orderedItems=[], total=0.0]
13:31:34.755 [main] INFO  c.n.e.g.e.s.CartItemServiceImpl - 🔵💲checking  currCartItem 2 unitPrice 1800.0 x cartItemQuantity 55 equals 99000.0
13:31:34.756 [main] INFO  c.n.e.g.e.s.CartItemServiceImpl - 🛒🟢💲 Checked calculation correct for Order. Saving to REPOOrder [orderId=2, orderDate=2024-01-14 13:31:33.906092, orderAddress=com.ntu.edu.group5.ecommerce.entity.Address@119cd026, orderedItems=[], total=0.0]
13:31:34.810 [main] INFO  c.n.e.g.e.s.CartItemServiceImpl - 🛒🟢  newCart set with product, quantity and order saved to repocom.ntu.edu.group5.ecommerce.entity.CartItem@16d7f503
13:31:34.815 [main] INFO  c.n.e.g.e.s.CartItemServiceImpl - 🛒 foundProductcom.ntu.edu.group5.ecommerce.entity.Product@1626612d
13:31:34.848 [main] INFO  c.n.e.g.e.s.CartItemServiceImpl - 🛒 foundOrderOrder [orderId=2, orderDate=2024-01-14 13:31:33.906092, orderAddress=com.ntu.edu.group5.ecommerce.entity.Address@dd5ea90, orderedItems=[com.ntu.edu.group5.ecommerce.entity.CartItem@4821e1a3], total=99000.0]
13:31:34.854 [main] INFO  c.n.e.g.e.s.CartItemServiceImpl - 🔵💲checking  currCartItem 1 unitPrice 1800.0 x cartItemQuantity 55 equals 99000.0
13:31:34.854 [main] INFO  c.n.e.g.e.s.CartItemServiceImpl - 🔵💲checking  currCartItem 2 unitPrice 900.99 x cartItemQuantity 66 equals 59465.340000000004
13:31:34.855 [main] INFO  c.n.e.g.e.s.CartItemServiceImpl - 🛒🟢💲 Checked calculation correct for Order. Saving to REPOOrder [orderId=2, orderDate=2024-01-14 13:31:33.906092, orderAddress=com.ntu.edu.group5.ecommerce.entity.Address@dd5ea90, orderedItems=[com.ntu.edu.group5.ecommerce.entity.CartItem@4821e1a3], total=99000.0]
13:31:34.982 [main] INFO  c.n.e.g.e.s.CartItemServiceImpl - 🛒🟢  newCart set with product, quantity and order saved to repocom.ntu.edu.group5.ecommerce.entity.CartItem@7785430c
13:31:34.990 [main] INFO  c.n.e.g.e.s.CartItemServiceImpl - 🛒 foundProductcom.ntu.edu.group5.ecommerce.entity.Product@753b6846
13:31:35.077 [main] INFO  c.n.e.g.e.s.CartItemServiceImpl - 🛒 foundOrderOrder [orderId=2, orderDate=2024-01-14 13:31:33.906092, orderAddress=com.ntu.edu.group5.ecommerce.entity.Address@223e51e4, orderedItems=[com.ntu.edu.group5.ecommerce.entity.CartItem@71d2bc34, com.ntu.edu.group5.ecommerce.entity.CartItem@5d96b0f], total=158465.34]
13:31:35.084 [main] INFO  c.n.e.g.e.s.CartItemServiceImpl - 🔵💲checking  currCartItem 1 unitPrice 1800.0 x cartItemQuantity 55 equals 99000.0
13:31:35.084 [main] INFO  c.n.e.g.e.s.CartItemServiceImpl - 🔵💲checking  currCartItem 1 unitPrice 900.99 x cartItemQuantity 66 equals 59465.340000000004
13:31:35.084 [main] INFO  c.n.e.g.e.s.CartItemServiceImpl - 🔵💲checking  currCartItem 3 unitPrice 98.99 x cartItemQuantity 77 equals 7622.23
13:31:35.084 [main] INFO  c.n.e.g.e.s.CartItemServiceImpl - 🛒🟢💲 Checked calculation correct for Order. Saving to REPOOrder [orderId=2, orderDate=2024-01-14 13:31:33.906092, orderAddress=com.ntu.edu.group5.ecommerce.entity.Address@223e51e4, orderedItems=[com.ntu.edu.group5.ecommerce.entity.CartItem@71d2bc34, com.ntu.edu.group5.ecommerce.entity.CartItem@5d96b0f], total=158465.34]
13:31:35.133 [main] INFO  c.n.e.g.e.s.CartItemServiceImpl - 🛒🟢  newCart set with product, quantity and order saved to repocom.ntu.edu.group5.ecommerce.entity.CartItem@64f55630
13:31:35.135 [main] INFO  c.n.e.g.e.s.CartItemServiceImpl - 🛒 foundProductcom.ntu.edu.group5.ecommerce.entity.Product@6da53709
13:31:35.167 [main] INFO  c.n.e.g.e.s.CartItemServiceImpl - 🛒 foundOrderOrder [orderId=3, orderDate=2024-01-14 13:31:33.958891, orderAddress=com.ntu.edu.group5.ecommerce.entity.Address@2296ed0d, orderedItems=[], total=0.0]
13:31:35.174 [main] INFO  c.n.e.g.e.s.CartItemServiceImpl - 🔵💲checking  currCartItem 2 unitPrice 499.0 x cartItemQuantity 88 equals 43912.0
13:31:35.174 [main] INFO  c.n.e.g.e.s.CartItemServiceImpl - 🛒🟢💲 Checked calculation correct for Order. Saving to REPOOrder [orderId=3, orderDate=2024-01-14 13:31:33.958891, orderAddress=com.ntu.edu.group5.ecommerce.entity.Address@2296ed0d, orderedItems=[], total=0.0]
13:31:35.248 [main] INFO  c.n.e.g.e.s.CartItemServiceImpl - 🛒🟢  newCart set with product, quantity and order saved to repocom.ntu.edu.group5.ecommerce.entity.CartItem@2b8106fa
13:31:35.252 [main] INFO  c.n.e.g.e.s.CartItemServiceImpl - 🛒 foundProductcom.ntu.edu.group5.ecommerce.entity.Product@1a18e18d
13:31:35.292 [main] INFO  c.n.e.g.e.s.CartItemServiceImpl - 🛒 foundOrderOrder [orderId=3, orderDate=2024-01-14 13:31:33.958891, orderAddress=com.ntu.edu.group5.ecommerce.entity.Address@18482805, orderedItems=[com.ntu.edu.group5.ecommerce.entity.CartItem@751636da], total=43912.0]
13:31:35.296 [main] INFO  c.n.e.g.e.s.CartItemServiceImpl - 🔵💲checking  currCartItem 1 unitPrice 499.0 x cartItemQuantity 88 equals 43912.0
13:31:35.297 [main] INFO  c.n.e.g.e.s.CartItemServiceImpl - 🔵💲checking  currCartItem 2 unitPrice 1200.0 x cartItemQuantity 99 equals 118800.0
13:31:35.297 [main] INFO  c.n.e.g.e.s.CartItemServiceImpl - 🛒🟢💲 Checked calculation correct for Order. Saving to REPOOrder [orderId=3, orderDate=2024-01-14 13:31:33.958891, orderAddress=com.ntu.edu.group5.ecommerce.entity.Address@18482805, orderedItems=[com.ntu.edu.group5.ecommerce.entity.CartItem@751636da], total=43912.0]
13:31:35.386 [main] INFO  c.n.e.g.e.s.CartItemServiceImpl - 🛒🟢  newCart set with product, quantity and order saved to repocom.ntu.edu.group5.ecommerce.entity.CartItem@4e8036bb
13:31:35.391 [main] INFO  c.n.e.g.e.s.CartItemServiceImpl - 🛒 foundProductcom.ntu.edu.group5.ecommerce.entity.Product@1a8042a5
13:31:35.454 [main] INFO  c.n.e.g.e.s.CartItemServiceImpl - 🛒 foundOrderOrder [orderId=3, orderDate=2024-01-14 13:31:33.958891, orderAddress=com.ntu.edu.group5.ecommerce.entity.Address@53f67af6, orderedItems=[com.ntu.edu.group5.ecommerce.entity.CartItem@79fc6651, com.ntu.edu.group5.ecommerce.entity.CartItem@3f1485c3], total=162712.0]
13:31:35.458 [main] INFO  c.n.e.g.e.s.CartItemServiceImpl - 🔵💲checking  currCartItem 1 unitPrice 499.0 x cartItemQuantity 88 equals 43912.0
13:31:35.458 [main] INFO  c.n.e.g.e.s.CartItemServiceImpl - 🔵💲checking  currCartItem 1 unitPrice 1200.0 x cartItemQuantity 99 equals 118800.0
13:31:35.458 [main] INFO  c.n.e.g.e.s.CartItemServiceImpl - 🔵💲checking  currCartItem 3 unitPrice 1600.0 x cartItemQuantity 100 equals 160000.0
13:31:35.458 [main] INFO  c.n.e.g.e.s.CartItemServiceImpl - 🛒🟢💲 Checked calculation correct for Order. Saving to REPOOrder [orderId=3, orderDate=2024-01-14 13:31:33.958891, orderAddress=com.ntu.edu.group5.ecommerce.entity.Address@53f67af6, orderedItems=[com.ntu.edu.group5.ecommerce.entity.CartItem@79fc6651, com.ntu.edu.group5.ecommerce.entity.CartItem@3f1485c3], total=162712.0]
13:31:35.637 [main] INFO  c.n.e.g.e.s.CartItemServiceImpl - 🛒🟢  newCart set with product, quantity and order saved to repocom.ntu.edu.group5.ecommerce.entity.CartItem@2d63534d
13:31:36.611 [main] WARN  o.s.b.a.o.j.JpaBaseConfiguration$JpaWebConfiguration - spring.jpa.open-in-view is enabled by default. Therefore, database queries may be performed during view rendering. Explicitly configure spring.jpa.open-in-view to disable this warning
13:31:36.724 [main] INFO  o.s.b.a.w.s.WelcomePageHandlerMapping - Adding welcome page: class path resource [static/index.html]
13:31:38.126 [main] INFO  o.s.b.t.m.w.SpringBootMockServletContext - Initializing Spring TestDispatcherServlet ''
13:31:38.127 [main] INFO  o.s.t.w.s.TestDispatcherServlet - Initializing Servlet ''
13:31:38.150 [main] INFO  o.s.b.a.e.web.EndpointLinksResolver - Exposing 2 endpoint(s) beneath base path '/actuator'
13:31:38.183 [main] INFO  o.s.t.w.s.TestDispatcherServlet - Completed initialization in 56 ms
13:31:38.334 [main] INFO  c.n.e.g.e.CustomerControllerTest - Started CustomerControllerTest in 19.706 seconds (process running for 22.051)
]]></system-out>
  </testcase>
  <testcase name="getAllCustomersTest" classname="com.ntu.edu.group5.ecommerce.CustomerControllerTest" time="0.106"/>
  <testcase name="validCustomerCreationTest" classname="com.ntu.edu.group5.ecommerce.CustomerControllerTest" time="0.049"/>
  <testcase name="invalidCustomerCreationTest" classname="com.ntu.edu.group5.ecommerce.CustomerControllerTest" time="0.025"/>
</testsuite>