<?xml version="1.0" encoding="UTF-8"?>
<testsuite xmlns:xsi="http://www.w3.org/2001/XMLSchema-instance" xsi:noNamespaceSchemaLocation="https://maven.apache.org/surefire/maven-surefire-plugin/xsd/surefire-test-report-3.0.xsd" version="3.0" name="com.ntu.edu.group5.ecommerce.TestSellerServiceforTest" time="7.431" tests="3" errors="0" skipped="0" failures="0">
  <properties>
[...]
</properties>
  <testcase name="testVerifyPasswordLengthIs8" classname="com.ntu.edu.group5.ecommerce.TestSellerServiceforTest" time="0.048">
    <system-out><![CDATA[13:31:40.226 [main] INFO  o.s.t.c.s.AnnotationConfigContextLoaderUtils - Could not detect default configuration classes for test class [com.ntu.edu.group5.ecommerce.TestSellerServiceforTest]: TestSellerServiceforTest does not declare any static, non-private, non-final, nested classes annotated with @Configuration.
13:31:40.234 [main] INFO  o.s.b.t.c.SpringBootTestContextBootstrapper - Found @SpringBootConfiguration com.ntu.edu.group5.ecommerce.EcommerceApplication for test class com.ntu.edu.group5.ecommerce.TestSellerServiceforTest

  .   ____          _            __ _ _
 /\\ / ___'_ __ _ _(_)_ __  __ _ \ \ \ \
( ( )\___ | '_ | '_| | '_ \/ _` | \ \ \ \
 \\/  ___)| |_)| | | | | || (_| |  ) ) ) )
  '  |____| .__|_| |_|_| |_\__, | / / / /
 =========|_|==============|___/=/_/_/_/
 :: Spring Boot ::                (v3.2.1)

13:31:40.323 [main] INFO  c.n.e.g.e.TestSellerServiceforTest - Starting TestSellerServiceforTest using Java 17.0.9 with PID 35514 (started by catherinetiong in /Users/catherinetiong/module4)
13:31:40.323 [main] INFO  c.n.e.g.e.TestSellerServiceforTest - The following 1 profile is active: "prod"
13:31:41.835 [main] INFO  o.s.d.r.c.RepositoryConfigurationDelegate - Bootstrapping Spring Data JPA repositories in DEFAULT mode.
13:31:41.934 [main] INFO  o.s.d.r.c.RepositoryConfigurationDelegate - Finished Spring Data repository scanning in 98 ms. Found 7 JPA repository interfaces.
13:31:42.434 [main] INFO  o.h.jpa.internal.util.LogHelper - HHH000204: Processing PersistenceUnitInfo [name: default]
13:31:42.437 [main] INFO  o.h.c.i.RegionFactoryInitiator - HHH000026: Second-level cache disabled
13:31:42.440 [main] INFO  o.s.o.j.p.SpringPersistenceUnitInfo - No LoadTimeWeaver setup: ignoring JPA class transformer
13:31:42.442 [main] INFO  com.zaxxer.hikari.HikariDataSource - HikariPool-2 - Starting...
13:31:42.455 [main] INFO  com.zaxxer.hikari.pool.HikariPool - HikariPool-2 - Added connection org.postgresql.jdbc.PgConnection@55117fea
13:31:42.455 [main] INFO  com.zaxxer.hikari.HikariDataSource - HikariPool-2 - Start completed.
13:31:42.459 [main] WARN  org.hibernate.orm.deprecation - HHH90000025: PostgreSQLDialect does not need to be specified explicitly using 'hibernate.dialect' (remove the property setting and it will be selected by default)
13:31:43.106 [main] INFO  o.h.e.t.j.p.i.JtaPlatformInitiator - HHH000489: No JTA platform available (set 'hibernate.transaction.jta.platform' to enable JTA platform integration)
13:31:43.324 [main] INFO  o.s.o.j.LocalContainerEntityManagerFactoryBean - Initialized JPA EntityManagerFactory for persistence unit 'default'
13:31:44.061 [main] INFO  c.n.e.g.e.service.AddressServiceImpl - 🏠🔵 AddressServiceImpl - received creat request  customerId 1 blockNumber  streetName Jalan Tukang buildingName Smith Place city SG state SG postalCode 670455
13:31:44.068 [main] INFO  c.n.e.g.e.service.AddressServiceImpl - 🏠🔵 foundCustomer com.ntu.edu.group5.ecommerce.entity.Customer@2fcc4d13
13:31:44.072 [main] INFO  c.n.e.g.e.service.AddressServiceImpl - 🏠🟢 POST newAddress saved in orderRepo com.ntu.edu.group5.ecommerce.entity.Address@1182ec58
13:31:44.072 [main] INFO  c.n.e.g.e.service.AddressServiceImpl - 🏠🔵 AddressServiceImpl - received creat request  customerId 1 blockNumber  streetName Jalan Bakar buildingName Burns city SG state SG postalCode 670456
13:31:44.077 [main] INFO  c.n.e.g.e.service.AddressServiceImpl - 🏠🔵 foundCustomer com.ntu.edu.group5.ecommerce.entity.Customer@4d58d224
13:31:44.080 [main] INFO  c.n.e.g.e.service.AddressServiceImpl - 🏠🟢 POST newAddress saved in orderRepo com.ntu.edu.group5.ecommerce.entity.Address@7d7fc466
13:31:44.080 [main] INFO  c.n.e.g.e.service.AddressServiceImpl - 🏠🔵 AddressServiceImpl - received creat request  customerId 1 blockNumber  streetName Jalan Tunang buildingName Engaged Building city SG state SG postalCode 670456
13:31:44.086 [main] INFO  c.n.e.g.e.service.AddressServiceImpl - 🏠🔵 foundCustomer com.ntu.edu.group5.ecommerce.entity.Customer@5fcb223
13:31:44.088 [main] INFO  c.n.e.g.e.service.AddressServiceImpl - 🏠🟢 POST newAddress saved in orderRepo com.ntu.edu.group5.ecommerce.entity.Address@6d91e1ba
13:31:44.088 [main] INFO  c.n.e.g.e.service.AddressServiceImpl - 🏠🔵 AddressServiceImpl - received creat request  customerId 2 blockNumber  streetName Kampung Java buildingName Java Village city SG state SG postalCode 670457
13:31:44.093 [main] INFO  c.n.e.g.e.service.AddressServiceImpl - 🏠🔵 foundCustomer com.ntu.edu.group5.ecommerce.entity.Customer@23295bac
13:31:44.095 [main] INFO  c.n.e.g.e.service.AddressServiceImpl - 🏠🟢 POST newAddress saved in orderRepo com.ntu.edu.group5.ecommerce.entity.Address@767f4a69
13:31:44.095 [main] INFO  c.n.e.g.e.service.AddressServiceImpl - 🏠🔵 AddressServiceImpl - received creat request  customerId 2 blockNumber  streetName Jalan Satay buildingName Satay Street city SG state SG postalCode 670458
13:31:44.101 [main] INFO  c.n.e.g.e.service.AddressServiceImpl - 🏠🔵 foundCustomer com.ntu.edu.group5.ecommerce.entity.Customer@12f3e95d
13:31:44.104 [main] INFO  c.n.e.g.e.service.AddressServiceImpl - 🏠🟢 POST newAddress saved in orderRepo com.ntu.edu.group5.ecommerce.entity.Address@758a3ba0
13:31:44.104 [main] INFO  c.n.e.g.e.service.AddressServiceImpl - 🏠🔵 AddressServiceImpl - received creat request  customerId 3 blockNumber  streetName Kay Poh Road buildingName Busy Body Inc city SG state SG postalCode 670459
13:31:44.108 [main] INFO  c.n.e.g.e.service.AddressServiceImpl - 🏠🔵 foundCustomer com.ntu.edu.group5.ecommerce.entity.Customer@4f3891db
13:31:44.110 [main] INFO  c.n.e.g.e.service.AddressServiceImpl - 🏠🟢 POST newAddress saved in orderRepo com.ntu.edu.group5.ecommerce.entity.Address@49d5b1
13:31:44.111 [main] INFO  c.n.e.g.e.service.AddressServiceImpl - 🏠🔵 AddressServiceImpl - received creat request  customerId 3 blockNumber  streetName Lorong Lew Lian buildingName Durian Hub city SG state SG postalCode 670460
13:31:44.115 [main] INFO  c.n.e.g.e.service.AddressServiceImpl - 🏠🔵 foundCustomer com.ntu.edu.group5.ecommerce.entity.Customer@6f22784d
13:31:44.118 [main] INFO  c.n.e.g.e.service.AddressServiceImpl - 🏠🟢 POST newAddress saved in orderRepo com.ntu.edu.group5.ecommerce.entity.Address@44fa2df3
13:31:44.118 [main] INFO  c.n.e.g.e.service.AddressServiceImpl - 🏠🔵 AddressServiceImpl - received creat request  customerId 4 blockNumber  streetName Rotan Lane buildingName Discipline Place city SG state SG postalCode 670461
13:31:44.122 [main] INFO  c.n.e.g.e.service.AddressServiceImpl - 🏠🔵 foundCustomer com.ntu.edu.group5.ecommerce.entity.Customer@2f11f73e
13:31:44.143 [main] INFO  c.n.e.g.e.service.AddressServiceImpl - 🏠🟢 POST newAddress saved in orderRepo com.ntu.edu.group5.ecommerce.entity.Address@2fc6e673
13:31:44.143 [main] INFO  c.n.e.g.e.service.AddressServiceImpl - 🏠🔵 AddressServiceImpl - received creat request  customerId 4 blockNumber  streetName Pending Road buildingName Wait Long Long city SG state SG postalCode 670462
13:31:44.148 [main] INFO  c.n.e.g.e.service.AddressServiceImpl - 🏠🔵 foundCustomer com.ntu.edu.group5.ecommerce.entity.Customer@7c644bd5
13:31:44.154 [main] INFO  c.n.e.g.e.service.AddressServiceImpl - 🏠🟢 POST newAddress saved in orderRepo com.ntu.edu.group5.ecommerce.entity.Address@ee1493e
13:31:44.155 [main] INFO  c.n.e.g.e.service.AddressServiceImpl - 🏠🔵 AddressServiceImpl - received creat request  customerId 5 blockNumber  streetName Jalan Malu Malu buildingName Shy city SG state SG postalCode 670462
13:31:44.163 [main] INFO  c.n.e.g.e.service.AddressServiceImpl - 🏠🔵 foundCustomer com.ntu.edu.group5.ecommerce.entity.Customer@699cb1a3
13:31:44.168 [main] INFO  c.n.e.g.e.service.AddressServiceImpl - 🏠🟢 POST newAddress saved in orderRepo com.ntu.edu.group5.ecommerce.entity.Address@54875db0
13:31:44.169 [main] INFO  c.n.e.g.e.service.AddressServiceImpl - 🏠🔵 AddressServiceImpl - received creat request  customerId 5 blockNumber  streetName Jalan Langgar buildingName Crash Zone city SG state SG postalCode 670463
13:31:44.186 [main] INFO  c.n.e.g.e.service.AddressServiceImpl - 🏠🔵 foundCustomer com.ntu.edu.group5.ecommerce.entity.Customer@758836f6
13:31:44.188 [main] INFO  c.n.e.g.e.service.AddressServiceImpl - 🏠🟢 POST newAddress saved in orderRepo com.ntu.edu.group5.ecommerce.entity.Address@1706a95b
13:31:44.189 [main] INFO  c.n.e.g.e.service.AddressServiceImpl - 🏠🔵 AddressServiceImpl - received creat request  customerId 6 blockNumber  streetName Jalan Pisang buildingName Banana city SG state SG postalCode 670464
13:31:44.191 [main] INFO  c.n.e.g.e.service.AddressServiceImpl - 🏠🔵 foundCustomer com.ntu.edu.group5.ecommerce.entity.Customer@2b720a2c
13:31:44.194 [main] INFO  c.n.e.g.e.service.AddressServiceImpl - 🏠🟢 POST newAddress saved in orderRepo com.ntu.edu.group5.ecommerce.entity.Address@49e335a5
13:31:44.194 [main] INFO  c.n.e.g.e.service.AddressServiceImpl - 🏠🔵 AddressServiceImpl - received creat request  customerId 7 blockNumber  streetName Kallang Pudding Road buildingName Pudding city SG state SG postalCode 670464
13:31:44.198 [main] INFO  c.n.e.g.e.service.AddressServiceImpl - 🏠🔵 foundCustomer com.ntu.edu.group5.ecommerce.entity.Customer@f33b8fc
13:31:44.207 [main] INFO  c.n.e.g.e.service.AddressServiceImpl - 🏠🟢 POST newAddress saved in orderRepo com.ntu.edu.group5.ecommerce.entity.Address@5eb11bb7
13:31:44.207 [main] INFO  c.n.e.g.e.service.AddressServiceImpl - 🏠🔵 AddressServiceImpl - received creat request  customerId 8 blockNumber  streetName Sandwich Road buildingName Delicious city SG state SG postalCode 670465
13:31:44.210 [main] INFO  c.n.e.g.e.service.AddressServiceImpl - 🏠🔵 foundCustomer com.ntu.edu.group5.ecommerce.entity.Customer@171dbfa0
13:31:44.214 [main] INFO  c.n.e.g.e.service.AddressServiceImpl - 🏠🟢 POST newAddress saved in orderRepo com.ntu.edu.group5.ecommerce.entity.Address@7b5d3ac5
13:31:44.214 [main] INFO  c.n.e.g.e.service.AddressServiceImpl - 🏠🔵 AddressServiceImpl - received creat request  customerId 9 blockNumber  streetName Cheow Keng Road buildingName Escape city SG state SG postalCode 670466
13:31:44.219 [main] INFO  c.n.e.g.e.service.AddressServiceImpl - 🏠🔵 foundCustomer com.ntu.edu.group5.ecommerce.entity.Customer@8968fe8
13:31:44.225 [main] INFO  c.n.e.g.e.service.AddressServiceImpl - 🏠🟢 POST newAddress saved in orderRepo com.ntu.edu.group5.ecommerce.entity.Address@38a36f64
13:31:44.225 [main] INFO  c.n.e.g.e.service.AddressServiceImpl - 🏠🔵 AddressServiceImpl - received creat request  customerId 10 blockNumber  streetName Robinson Road buildingName Robbing son city SG state SG postalCode 670467
13:31:44.236 [main] INFO  c.n.e.g.e.service.AddressServiceImpl - 🏠🔵 foundCustomer com.ntu.edu.group5.ecommerce.entity.Customer@5803dcf0
13:31:44.244 [main] INFO  c.n.e.g.e.service.AddressServiceImpl - 🏠🟢 POST newAddress saved in orderRepo com.ntu.edu.group5.ecommerce.entity.Address@5f936aad
13:31:44.257 [main] INFO  c.n.e.g.e.service.ProductServiceImpl - 🧾🔵 finding foundSeller ... 1
13:31:44.286 [main] INFO  c.n.e.g.e.service.ProductServiceImpl - 🧾🔵 finding foundSeller ... 1
13:31:44.292 [main] INFO  c.n.e.g.e.service.ProductServiceImpl - 🧾🔵 finding foundSeller ... 1
13:31:44.296 [main] INFO  c.n.e.g.e.service.ProductServiceImpl - 🧾🔵 finding foundSeller ... 1
13:31:44.304 [main] INFO  c.n.e.g.e.service.ProductServiceImpl - 🧾🔵 finding foundSeller ... 1
13:31:44.309 [main] INFO  c.n.e.g.e.service.ProductServiceImpl - 🧾🔵 finding foundSeller ... 1
13:31:44.315 [main] INFO  c.n.e.g.e.service.ProductServiceImpl - 🧾🔵 finding foundSeller ... 2
13:31:44.319 [main] INFO  c.n.e.g.e.service.ProductServiceImpl - 🧾🔵 finding foundSeller ... 2
13:31:44.326 [main] INFO  c.n.e.g.e.service.ProductServiceImpl - 🧾🔵 finding foundSeller ... 2
13:31:44.331 [main] INFO  c.n.e.g.e.service.ProductServiceImpl - 🧾🔵 finding foundSeller ... 2
13:31:44.341 [main] INFO  c.n.e.g.e.service.ProductServiceImpl - 🧾🔵 finding foundSeller ... 2
13:31:44.346 [main] INFO  c.n.e.g.e.service.ProductServiceImpl - 🧾🔵 finding foundSeller ... 2
13:31:44.352 [main] INFO  c.n.e.g.e.service.ProductServiceImpl - 🧾🔵 finding foundSeller ... 2
13:31:44.359 [main] INFO  c.n.e.g.e.service.ProductServiceImpl - 🧾🔵 finding foundSeller ... 3
13:31:44.365 [main] INFO  c.n.e.g.e.service.ProductServiceImpl - 🧾🔵 finding foundSeller ... 3
13:31:44.369 [main] INFO  c.n.e.g.e.service.ProductServiceImpl - 🧾🔵 finding foundSeller ... 3
13:31:44.379 [main] INFO  c.n.e.g.e.service.ProductServiceImpl - 🧾🔵 finding foundSeller ... 3
13:31:44.389 [main] INFO  c.n.e.g.e.service.ProductServiceImpl - 🧾🔵 finding foundSeller ... 3
13:31:44.394 [main] INFO  c.n.e.g.e.service.ProductServiceImpl - 🧾🔵 finding foundSeller ... 3
13:31:44.399 [main] INFO  c.n.e.g.e.service.ProductServiceImpl - 🧾🔵 finding foundSeller ... 3
13:31:44.406 [main] INFO  c.n.e.g.e.service.OrderServiceImpl - 🧾🔵 createOrder requested addressId 1
13:31:44.419 [main] INFO  c.n.e.g.e.service.OrderServiceImpl - 🧾🔵 foundAddress com.ntu.edu.group5.ecommerce.entity.Address@11786a43
13:31:44.430 [main] INFO  c.n.e.g.e.service.OrderServiceImpl - 🧾🟢(d) POST newOrder saved in orderRepo Order [orderId=1, orderDate=2024-01-14 13:31:44.424854, orderAddress=com.ntu.edu.group5.ecommerce.entity.Address@11786a43, orderedItems=[], total=0.0]
13:31:44.431 [main] INFO  c.n.e.g.e.service.OrderServiceImpl - 🧾🔵 createOrder requested addressId 2
13:31:44.443 [main] INFO  c.n.e.g.e.service.OrderServiceImpl - 🧾🔵 foundAddress com.ntu.edu.group5.ecommerce.entity.Address@3c69b875
13:31:44.449 [main] INFO  c.n.e.g.e.service.OrderServiceImpl - 🧾🟢(d) POST newOrder saved in orderRepo Order [orderId=2, orderDate=2024-01-14 13:31:44.446246, orderAddress=com.ntu.edu.group5.ecommerce.entity.Address@3c69b875, orderedItems=[], total=0.0]
13:31:44.449 [main] INFO  c.n.e.g.e.service.OrderServiceImpl - 🧾🔵 createOrder requested addressId 3
13:31:44.459 [main] INFO  c.n.e.g.e.service.OrderServiceImpl - 🧾🔵 foundAddress com.ntu.edu.group5.ecommerce.entity.Address@5c9cc591
13:31:44.468 [main] INFO  c.n.e.g.e.service.OrderServiceImpl - 🧾🟢(d) POST newOrder saved in orderRepo Order [orderId=3, orderDate=2024-01-14 13:31:44.464193, orderAddress=com.ntu.edu.group5.ecommerce.entity.Address@5c9cc591, orderedItems=[], total=0.0]
13:31:44.468 [main] INFO  c.n.e.g.e.service.OrderServiceImpl - 🧾🔵 createOrder requested addressId 4
13:31:44.477 [main] INFO  c.n.e.g.e.service.OrderServiceImpl - 🧾🔵 foundAddress com.ntu.edu.group5.ecommerce.entity.Address@82b778b
13:31:44.484 [main] INFO  c.n.e.g.e.service.OrderServiceImpl - 🧾🟢(d) POST newOrder saved in orderRepo Order [orderId=4, orderDate=2024-01-14 13:31:44.478979, orderAddress=com.ntu.edu.group5.ecommerce.entity.Address@82b778b, orderedItems=[], total=0.0]
13:31:44.489 [main] INFO  c.n.e.g.e.service.OrderServiceImpl - 🧾🔵 createOrder requested addressId 5
13:31:44.506 [main] INFO  c.n.e.g.e.service.OrderServiceImpl - 🧾🔵 foundAddress com.ntu.edu.group5.ecommerce.entity.Address@24ad12ff
13:31:44.512 [main] INFO  c.n.e.g.e.service.OrderServiceImpl - 🧾🟢(d) POST newOrder saved in orderRepo Order [orderId=5, orderDate=2024-01-14 13:31:44.507959, orderAddress=com.ntu.edu.group5.ecommerce.entity.Address@24ad12ff, orderedItems=[], total=0.0]
13:31:44.512 [main] INFO  c.n.e.g.e.service.OrderServiceImpl - 🧾🔵 createOrder requested addressId 6
13:31:44.520 [main] INFO  c.n.e.g.e.service.OrderServiceImpl - 🧾🔵 foundAddress com.ntu.edu.group5.ecommerce.entity.Address@115cbd9b
13:31:44.528 [main] INFO  c.n.e.g.e.service.OrderServiceImpl - 🧾🟢(d) POST newOrder saved in orderRepo Order [orderId=6, orderDate=2024-01-14 13:31:44.521548, orderAddress=com.ntu.edu.group5.ecommerce.entity.Address@115cbd9b, orderedItems=[], total=0.0]
13:31:44.529 [main] INFO  c.n.e.g.e.service.OrderServiceImpl - 🧾🔵 createOrder requested addressId 7
13:31:44.545 [main] INFO  c.n.e.g.e.service.OrderServiceImpl - 🧾🔵 foundAddress com.ntu.edu.group5.ecommerce.entity.Address@78288298
13:31:44.554 [main] INFO  c.n.e.g.e.service.OrderServiceImpl - 🧾🟢(d) POST newOrder saved in orderRepo Order [orderId=7, orderDate=2024-01-14 13:31:44.548488, orderAddress=com.ntu.edu.group5.ecommerce.entity.Address@78288298, orderedItems=[], total=0.0]
13:31:44.554 [main] INFO  c.n.e.g.e.service.OrderServiceImpl - 🧾🔵 createOrder requested addressId 8
13:31:44.561 [main] INFO  c.n.e.g.e.service.OrderServiceImpl - 🧾🔵 foundAddress com.ntu.edu.group5.ecommerce.entity.Address@c7ba58d
13:31:44.566 [main] INFO  c.n.e.g.e.service.OrderServiceImpl - 🧾🟢(d) POST newOrder saved in orderRepo Order [orderId=8, orderDate=2024-01-14 13:31:44.562032, orderAddress=com.ntu.edu.group5.ecommerce.entity.Address@c7ba58d, orderedItems=[], total=0.0]
13:31:44.566 [main] INFO  c.n.e.g.e.service.OrderServiceImpl - 🧾🔵 createOrder requested addressId 9
13:31:44.574 [main] INFO  c.n.e.g.e.service.OrderServiceImpl - 🧾🔵 foundAddress com.ntu.edu.group5.ecommerce.entity.Address@4cd0b8cf
13:31:44.579 [main] INFO  c.n.e.g.e.service.OrderServiceImpl - 🧾🟢(d) POST newOrder saved in orderRepo Order [orderId=9, orderDate=2024-01-14 13:31:44.575783, orderAddress=com.ntu.edu.group5.ecommerce.entity.Address@4cd0b8cf, orderedItems=[], total=0.0]
13:31:44.579 [main] INFO  c.n.e.g.e.service.OrderServiceImpl - 🧾🔵 createOrder requested addressId 10
13:31:44.587 [main] INFO  c.n.e.g.e.service.OrderServiceImpl - 🧾🔵 foundAddress com.ntu.edu.group5.ecommerce.entity.Address@1acf0703
13:31:44.593 [main] INFO  c.n.e.g.e.service.OrderServiceImpl - 🧾🟢(d) POST newOrder saved in orderRepo Order [orderId=10, orderDate=2024-01-14 13:31:44.588075, orderAddress=com.ntu.edu.group5.ecommerce.entity.Address@1acf0703, orderedItems=[], total=0.0]
13:31:44.702 [main] INFO  c.n.e.g.e.s.CartItemServiceImpl - 🛒 foundProductcom.ntu.edu.group5.ecommerce.entity.Product@3c75ffeb
13:31:44.726 [main] INFO  c.n.e.g.e.s.CartItemServiceImpl - 🛒 foundOrderOrder [orderId=1, orderDate=2024-01-14 13:31:44.424854, orderAddress=com.ntu.edu.group5.ecommerce.entity.Address@26b01384, orderedItems=[], total=0.0]
13:31:44.741 [main] INFO  c.n.e.g.e.s.CartItemServiceImpl - 🔵💲checking  currCartItem 2 unitPrice 1900.0 x cartItemQuantity 11 equals 20900.0
13:31:44.741 [main] INFO  c.n.e.g.e.s.CartItemServiceImpl - 🛒🟢💲 Checked calculation correct for Order. Saving to REPOOrder [orderId=1, orderDate=2024-01-14 13:31:44.424854, orderAddress=com.ntu.edu.group5.ecommerce.entity.Address@26b01384, orderedItems=[], total=0.0]
13:31:44.769 [main] INFO  c.n.e.g.e.s.CartItemServiceImpl - 🛒🟢  newCart set with product, quantity and order saved to repocom.ntu.edu.group5.ecommerce.entity.CartItem@52b11deb
13:31:44.773 [main] INFO  c.n.e.g.e.s.CartItemServiceImpl - 🛒 foundProductcom.ntu.edu.group5.ecommerce.entity.Product@1f2eb34c
13:31:44.783 [main] INFO  c.n.e.g.e.s.CartItemServiceImpl - 🛒 foundOrderOrder [orderId=1, orderDate=2024-01-14 13:31:44.424854, orderAddress=com.ntu.edu.group5.ecommerce.entity.Address@37630101, orderedItems=[com.ntu.edu.group5.ecommerce.entity.CartItem@74e2de39], total=20900.0]
13:31:44.792 [main] INFO  c.n.e.g.e.s.CartItemServiceImpl - 🔵💲checking  currCartItem 1 unitPrice 1900.0 x cartItemQuantity 11 equals 20900.0
13:31:44.793 [main] INFO  c.n.e.g.e.s.CartItemServiceImpl - 🔵💲checking  currCartItem 2 unitPrice 3700.0 x cartItemQuantity 22 equals 81400.0
13:31:44.793 [main] INFO  c.n.e.g.e.s.CartItemServiceImpl - 🛒🟢💲 Checked calculation correct for Order. Saving to REPOOrder [orderId=1, orderDate=2024-01-14 13:31:44.424854, orderAddress=com.ntu.edu.group5.ecommerce.entity.Address@37630101, orderedItems=[com.ntu.edu.group5.ecommerce.entity.CartItem@74e2de39], total=20900.0]
13:31:44.814 [main] INFO  c.n.e.g.e.s.CartItemServiceImpl - 🛒🟢  newCart set with product, quantity and order saved to repocom.ntu.edu.group5.ecommerce.entity.CartItem@22272bac
13:31:44.816 [main] INFO  c.n.e.g.e.s.CartItemServiceImpl - 🛒 foundProductcom.ntu.edu.group5.ecommerce.entity.Product@418b946b
13:31:44.831 [main] INFO  c.n.e.g.e.s.CartItemServiceImpl - 🛒 foundOrderOrder [orderId=1, orderDate=2024-01-14 13:31:44.424854, orderAddress=com.ntu.edu.group5.ecommerce.entity.Address@1d05cbae, orderedItems=[com.ntu.edu.group5.ecommerce.entity.CartItem@52f3859a, com.ntu.edu.group5.ecommerce.entity.CartItem@75564919], total=102300.0]
13:31:44.854 [main] INFO  c.n.e.g.e.s.CartItemServiceImpl - 🔵💲checking  currCartItem 1 unitPrice 1900.0 x cartItemQuantity 11 equals 20900.0
13:31:44.855 [main] INFO  c.n.e.g.e.s.CartItemServiceImpl - 🔵💲checking  currCartItem 1 unitPrice 3700.0 x cartItemQuantity 22 equals 81400.0
13:31:44.855 [main] INFO  c.n.e.g.e.s.CartItemServiceImpl - 🔵💲checking  currCartItem 3 unitPrice 2200.0 x cartItemQuantity 33 equals 72600.0
13:31:44.855 [main] INFO  c.n.e.g.e.s.CartItemServiceImpl - 🛒🟢💲 Checked calculation correct for Order. Saving to REPOOrder [orderId=1, orderDate=2024-01-14 13:31:44.424854, orderAddress=com.ntu.edu.group5.ecommerce.entity.Address@1d05cbae, orderedItems=[com.ntu.edu.group5.ecommerce.entity.CartItem@52f3859a, com.ntu.edu.group5.ecommerce.entity.CartItem@75564919], total=102300.0]
13:31:44.927 [main] INFO  c.n.e.g.e.s.CartItemServiceImpl - 🛒🟢  newCart set with product, quantity and order saved to repocom.ntu.edu.group5.ecommerce.entity.CartItem@32558a32
13:31:44.929 [main] INFO  c.n.e.g.e.s.CartItemServiceImpl - 🛒 foundProductcom.ntu.edu.group5.ecommerce.entity.Product@5640a424
13:31:44.981 [main] INFO  c.n.e.g.e.s.CartItemServiceImpl - 🛒 foundOrderOrder [orderId=1, orderDate=2024-01-14 13:31:44.424854, orderAddress=com.ntu.edu.group5.ecommerce.entity.Address@33966111, orderedItems=[com.ntu.edu.group5.ecommerce.entity.CartItem@5d79fade, com.ntu.edu.group5.ecommerce.entity.CartItem@22251bb2, com.ntu.edu.group5.ecommerce.entity.CartItem@70a8c0b9], total=174900.0]
13:31:45.001 [main] INFO  c.n.e.g.e.s.CartItemServiceImpl - 🔵💲checking  currCartItem 1 unitPrice 1900.0 x cartItemQuantity 11 equals 20900.0
13:31:45.008 [main] INFO  c.n.e.g.e.s.CartItemServiceImpl - 🔵💲checking  currCartItem 1 unitPrice 3700.0 x cartItemQuantity 22 equals 81400.0
13:31:45.009 [main] INFO  c.n.e.g.e.s.CartItemServiceImpl - 🔵💲checking  currCartItem 2 unitPrice 2200.0 x cartItemQuantity 33 equals 72600.0
13:31:45.009 [main] INFO  c.n.e.g.e.s.CartItemServiceImpl - 🔵💲checking  currCartItem 4 unitPrice 2300.0 x cartItemQuantity 44 equals 101200.0
13:31:45.009 [main] INFO  c.n.e.g.e.s.CartItemServiceImpl - 🛒🟢💲 Checked calculation correct for Order. Saving to REPOOrder [orderId=1, orderDate=2024-01-14 13:31:44.424854, orderAddress=com.ntu.edu.group5.ecommerce.entity.Address@33966111, orderedItems=[com.ntu.edu.group5.ecommerce.entity.CartItem@5d79fade, com.ntu.edu.group5.ecommerce.entity.CartItem@22251bb2, com.ntu.edu.group5.ecommerce.entity.CartItem@70a8c0b9], total=174900.0]
13:31:45.054 [main] INFO  c.n.e.g.e.s.CartItemServiceImpl - 🛒🟢  newCart set with product, quantity and order saved to repocom.ntu.edu.group5.ecommerce.entity.CartItem@656ac24
13:31:45.056 [main] INFO  c.n.e.g.e.s.CartItemServiceImpl - 🛒 foundProductcom.ntu.edu.group5.ecommerce.entity.Product@546f0369
13:31:45.102 [main] INFO  c.n.e.g.e.s.CartItemServiceImpl - 🛒 foundOrderOrder [orderId=2, orderDate=2024-01-14 13:31:44.446246, orderAddress=com.ntu.edu.group5.ecommerce.entity.Address@7d45ffd, orderedItems=[], total=0.0]
13:31:45.114 [main] INFO  c.n.e.g.e.s.CartItemServiceImpl - 🔵💲checking  currCartItem 2 unitPrice 1800.0 x cartItemQuantity 55 equals 99000.0
13:31:45.115 [main] INFO  c.n.e.g.e.s.CartItemServiceImpl - 🛒🟢💲 Checked calculation correct for Order. Saving to REPOOrder [orderId=2, orderDate=2024-01-14 13:31:44.446246, orderAddress=com.ntu.edu.group5.ecommerce.entity.Address@7d45ffd, orderedItems=[], total=0.0]
13:31:45.210 [main] INFO  c.n.e.g.e.s.CartItemServiceImpl - 🛒🟢  newCart set with product, quantity and order saved to repocom.ntu.edu.group5.ecommerce.entity.CartItem@46ccf22
13:31:45.216 [main] INFO  c.n.e.g.e.s.CartItemServiceImpl - 🛒 foundProductcom.ntu.edu.group5.ecommerce.entity.Product@4a100df
13:31:45.246 [main] INFO  c.n.e.g.e.s.CartItemServiceImpl - 🛒 foundOrderOrder [orderId=2, orderDate=2024-01-14 13:31:44.446246, orderAddress=com.ntu.edu.group5.ecommerce.entity.Address@37495d56, orderedItems=[com.ntu.edu.group5.ecommerce.entity.CartItem@d303dc9], total=99000.0]
13:31:45.249 [main] INFO  c.n.e.g.e.s.CartItemServiceImpl - 🔵💲checking  currCartItem 1 unitPrice 1800.0 x cartItemQuantity 55 equals 99000.0
13:31:45.249 [main] INFO  c.n.e.g.e.s.CartItemServiceImpl - 🔵💲checking  currCartItem 2 unitPrice 900.99 x cartItemQuantity 66 equals 59465.340000000004
13:31:45.249 [main] INFO  c.n.e.g.e.s.CartItemServiceImpl - 🛒🟢💲 Checked calculation correct for Order. Saving to REPOOrder [orderId=2, orderDate=2024-01-14 13:31:44.446246, orderAddress=com.ntu.edu.group5.ecommerce.entity.Address@37495d56, orderedItems=[com.ntu.edu.group5.ecommerce.entity.CartItem@d303dc9], total=99000.0]
13:31:45.288 [main] INFO  c.n.e.g.e.s.CartItemServiceImpl - 🛒🟢  newCart set with product, quantity and order saved to repocom.ntu.edu.group5.ecommerce.entity.CartItem@50ed6392
13:31:45.295 [main] INFO  c.n.e.g.e.s.CartItemServiceImpl - 🛒 foundProductcom.ntu.edu.group5.ecommerce.entity.Product@15652e7e
13:31:45.325 [main] INFO  c.n.e.g.e.s.CartItemServiceImpl - 🛒 foundOrderOrder [orderId=2, orderDate=2024-01-14 13:31:44.446246, orderAddress=com.ntu.edu.group5.ecommerce.entity.Address@2b5f49de, orderedItems=[com.ntu.edu.group5.ecommerce.entity.CartItem@2127c46b, com.ntu.edu.group5.ecommerce.entity.CartItem@4a3e5552], total=158465.34]
13:31:45.329 [main] INFO  c.n.e.g.e.s.CartItemServiceImpl - 🔵💲checking  currCartItem 1 unitPrice 1800.0 x cartItemQuantity 55 equals 99000.0
13:31:45.329 [main] INFO  c.n.e.g.e.s.CartItemServiceImpl - 🔵💲checking  currCartItem 1 unitPrice 900.99 x cartItemQuantity 66 equals 59465.340000000004
13:31:45.330 [main] INFO  c.n.e.g.e.s.CartItemServiceImpl - 🔵💲checking  currCartItem 3 unitPrice 98.99 x cartItemQuantity 77 equals 7622.23
13:31:45.330 [main] INFO  c.n.e.g.e.s.CartItemServiceImpl - 🛒🟢💲 Checked calculation correct for Order. Saving to REPOOrder [orderId=2, orderDate=2024-01-14 13:31:44.446246, orderAddress=com.ntu.edu.group5.ecommerce.entity.Address@2b5f49de, orderedItems=[com.ntu.edu.group5.ecommerce.entity.CartItem@2127c46b, com.ntu.edu.group5.ecommerce.entity.CartItem@4a3e5552], total=158465.34]
13:31:45.358 [main] INFO  c.n.e.g.e.s.CartItemServiceImpl - 🛒🟢  newCart set with product, quantity and order saved to repocom.ntu.edu.group5.ecommerce.entity.CartItem@64eb35bd
13:31:45.361 [main] INFO  c.n.e.g.e.s.CartItemServiceImpl - 🛒 foundProductcom.ntu.edu.group5.ecommerce.entity.Product@3fcb6c7b
13:31:45.411 [main] INFO  c.n.e.g.e.s.CartItemServiceImpl - 🛒 foundOrderOrder [orderId=3, orderDate=2024-01-14 13:31:44.464193, orderAddress=com.ntu.edu.group5.ecommerce.entity.Address@24f89b6b, orderedItems=[], total=0.0]
13:31:45.415 [main] INFO  c.n.e.g.e.s.CartItemServiceImpl - 🔵💲checking  currCartItem 2 unitPrice 499.0 x cartItemQuantity 88 equals 43912.0
13:31:45.415 [main] INFO  c.n.e.g.e.s.CartItemServiceImpl - 🛒🟢💲 Checked calculation correct for Order. Saving to REPOOrder [orderId=3, orderDate=2024-01-14 13:31:44.464193, orderAddress=com.ntu.edu.group5.ecommerce.entity.Address@24f89b6b, orderedItems=[], total=0.0]
13:31:45.457 [main] INFO  c.n.e.g.e.s.CartItemServiceImpl - 🛒🟢  newCart set with product, quantity and order saved to repocom.ntu.edu.group5.ecommerce.entity.CartItem@1234d9f6
13:31:45.464 [main] INFO  c.n.e.g.e.s.CartItemServiceImpl - 🛒 foundProductcom.ntu.edu.group5.ecommerce.entity.Product@44cea6bb
13:31:45.493 [main] INFO  c.n.e.g.e.s.CartItemServiceImpl - 🛒 foundOrderOrder [orderId=3, orderDate=2024-01-14 13:31:44.464193, orderAddress=com.ntu.edu.group5.ecommerce.entity.Address@56fff809, orderedItems=[com.ntu.edu.group5.ecommerce.entity.CartItem@47c9b8ee], total=43912.0]
13:31:45.498 [main] INFO  c.n.e.g.e.s.CartItemServiceImpl - 🔵💲checking  currCartItem 1 unitPrice 499.0 x cartItemQuantity 88 equals 43912.0
13:31:45.498 [main] INFO  c.n.e.g.e.s.CartItemServiceImpl - 🔵💲checking  currCartItem 2 unitPrice 1200.0 x cartItemQuantity 99 equals 118800.0
13:31:45.498 [main] INFO  c.n.e.g.e.s.CartItemServiceImpl - 🛒🟢💲 Checked calculation correct for Order. Saving to REPOOrder [orderId=3, orderDate=2024-01-14 13:31:44.464193, orderAddress=com.ntu.edu.group5.ecommerce.entity.Address@56fff809, orderedItems=[com.ntu.edu.group5.ecommerce.entity.CartItem@47c9b8ee], total=43912.0]
13:31:45.559 [main] INFO  c.n.e.g.e.s.CartItemServiceImpl - 🛒🟢  newCart set with product, quantity and order saved to repocom.ntu.edu.group5.ecommerce.entity.CartItem@19f31c85
13:31:45.562 [main] INFO  c.n.e.g.e.s.CartItemServiceImpl - 🛒 foundProductcom.ntu.edu.group5.ecommerce.entity.Product@5f4ba89e
13:31:45.601 [main] INFO  c.n.e.g.e.s.CartItemServiceImpl - 🛒 foundOrderOrder [orderId=3, orderDate=2024-01-14 13:31:44.464193, orderAddress=com.ntu.edu.group5.ecommerce.entity.Address@2012f14e, orderedItems=[com.ntu.edu.group5.ecommerce.entity.CartItem@5f76d1a0, com.ntu.edu.group5.ecommerce.entity.CartItem@5f9c3073], total=162712.0]
13:31:45.606 [main] INFO  c.n.e.g.e.s.CartItemServiceImpl - 🔵💲checking  currCartItem 1 unitPrice 499.0 x cartItemQuantity 88 equals 43912.0
13:31:45.607 [main] INFO  c.n.e.g.e.s.CartItemServiceImpl - 🔵💲checking  currCartItem 1 unitPrice 1200.0 x cartItemQuantity 99 equals 118800.0
13:31:45.607 [main] INFO  c.n.e.g.e.s.CartItemServiceImpl - 🔵💲checking  currCartItem 3 unitPrice 1600.0 x cartItemQuantity 100 equals 160000.0
13:31:45.607 [main] INFO  c.n.e.g.e.s.CartItemServiceImpl - 🛒🟢💲 Checked calculation correct for Order. Saving to REPOOrder [orderId=3, orderDate=2024-01-14 13:31:44.464193, orderAddress=com.ntu.edu.group5.ecommerce.entity.Address@2012f14e, orderedItems=[com.ntu.edu.group5.ecommerce.entity.CartItem@5f76d1a0, com.ntu.edu.group5.ecommerce.entity.CartItem@5f9c3073], total=162712.0]
13:31:45.665 [main] INFO  c.n.e.g.e.s.CartItemServiceImpl - 🛒🟢  newCart set with product, quantity and order saved to repocom.ntu.edu.group5.ecommerce.entity.CartItem@3d4d5af7
13:31:46.115 [main] WARN  o.s.b.a.o.j.JpaBaseConfiguration$JpaWebConfiguration - spring.jpa.open-in-view is enabled by default. Therefore, database queries may be performed during view rendering. Explicitly configure spring.jpa.open-in-view to disable this warning
13:31:46.176 [main] INFO  o.s.b.a.w.s.WelcomePageHandlerMapping - Adding welcome page: class path resource [static/index.html]
13:31:47.364 [main] INFO  o.s.b.a.e.web.EndpointLinksResolver - Exposing 2 endpoint(s) beneath base path '/actuator'
13:31:47.491 [main] INFO  c.n.e.g.e.TestSellerServiceforTest - Started TestSellerServiceforTest in 7.242 seconds (process running for 31.207)
]]></system-out>
  </testcase>
  <testcase name="testVerifyPasswordLengthIs9" classname="com.ntu.edu.group5.ecommerce.TestSellerServiceforTest" time="0.047"/>
  <testcase name="testVerifyPasswordLengthLessThan8" classname="com.ntu.edu.group5.ecommerce.TestSellerServiceforTest" time="0.023"/>
</testsuite>