<?xml version="1.0" encoding="UTF-8"?>
<testsuite xmlns:xsi="http://www.w3.org/2001/XMLSchema-instance" xsi:noNamespaceSchemaLocation="https://maven.apache.org/surefire/maven-surefire-plugin/xsd/surefire-test-report-3.0.xsd" version="3.0" name="com.ntu.edu.group5.ecommerce.TestSellerServiceforTest" time="4.51" tests="3" errors="0" skipped="0" failures="0">
  <properties>
[...]
</properties>
  <testcase name="testVerifyPasswordLengthIs8" classname="com.ntu.edu.group5.ecommerce.TestSellerServiceforTest" time="0.03">
    <system-out><![CDATA[19:33:57.902 [main] INFO  o.s.t.c.s.AnnotationConfigContextLoaderUtils - Could not detect default configuration classes for test class [com.ntu.edu.group5.ecommerce.TestSellerServiceforTest]: TestSellerServiceforTest does not declare any static, non-private, non-final, nested classes annotated with @Configuration.
19:33:57.904 [main] INFO  o.s.b.t.c.SpringBootTestContextBootstrapper - Found @SpringBootConfiguration com.ntu.edu.group5.ecommerce.EcommerceApplication for test class com.ntu.edu.group5.ecommerce.TestSellerServiceforTest

  .   ____          _            __ _ _
 /\\ / ___'_ __ _ _(_)_ __  __ _ \ \ \ \
( ( )\___ | '_ | '_| | '_ \/ _` | \ \ \ \
 \\/  ___)| |_)| | | | | || (_| |  ) ) ) )
  '  |____| .__|_| |_|_| |_\__, | / / / /
 =========|_|==============|___/=/_/_/_/
 :: Spring Boot ::                (v3.2.1)

19:33:57.947 [main] INFO  c.n.e.g.e.TestSellerServiceforTest - Starting TestSellerServiceforTest using Java 17.0.9 with PID 66214 (started by catherinetiong in /Users/catherinetiong/module4)
19:33:57.947 [main] INFO  c.n.e.g.e.TestSellerServiceforTest - The following 1 profile is active: "dev"
19:33:58.358 [main] INFO  o.s.d.r.c.RepositoryConfigurationDelegate - Bootstrapping Spring Data JPA repositories in DEFAULT mode.
19:33:58.379 [main] INFO  o.s.d.r.c.RepositoryConfigurationDelegate - Finished Spring Data repository scanning in 20 ms. Found 7 JPA repository interfaces.
19:33:58.595 [main] INFO  o.h.jpa.internal.util.LogHelper - HHH000204: Processing PersistenceUnitInfo [name: default]
19:33:58.599 [main] INFO  o.h.c.i.RegionFactoryInitiator - HHH000026: Second-level cache disabled
19:33:58.605 [main] INFO  o.s.o.j.p.SpringPersistenceUnitInfo - No LoadTimeWeaver setup: ignoring JPA class transformer
19:33:58.606 [main] INFO  com.zaxxer.hikari.HikariDataSource - HikariPool-2 - Starting...
19:33:58.614 [main] INFO  com.zaxxer.hikari.pool.HikariPool - HikariPool-2 - Added connection org.postgresql.jdbc.PgConnection@5b95557f
19:33:58.614 [main] INFO  com.zaxxer.hikari.HikariDataSource - HikariPool-2 - Start completed.
19:33:58.619 [main] WARN  org.hibernate.orm.deprecation - HHH90000025: PostgreSQLDialect does not need to be specified explicitly using 'hibernate.dialect' (remove the property setting and it will be selected by default)
19:33:58.915 [main] INFO  o.h.e.t.j.p.i.JtaPlatformInitiator - HHH000489: No JTA platform available (set 'hibernate.transaction.jta.platform' to enable JTA platform integration)
19:33:58.998 [main] INFO  o.s.o.j.LocalContainerEntityManagerFactoryBean - Initialized JPA EntityManagerFactory for persistence unit 'default'
19:33:59.872 [main] INFO  c.n.e.g.e.service.AddressServiceImpl - 🏠🔵 AddressServiceImpl - received creat request  customerId 1 blockNumber  streetName Jalan Tukang buildingName Smith Place city SG state SG postalCode 670455
19:33:59.881 [main] INFO  c.n.e.g.e.service.AddressServiceImpl - 🏠🔵 foundCustomer com.ntu.edu.group5.ecommerce.entity.Customer@3220ea38
19:33:59.886 [main] INFO  c.n.e.g.e.service.AddressServiceImpl - 🏠🟢 POST newAddress saved in orderRepo com.ntu.edu.group5.ecommerce.entity.Address@18d87207
19:33:59.886 [main] INFO  c.n.e.g.e.service.AddressServiceImpl - 🏠🔵 AddressServiceImpl - received creat request  customerId 1 blockNumber  streetName Jalan Bakar buildingName Burns city SG state SG postalCode 670456
19:33:59.892 [main] INFO  c.n.e.g.e.service.AddressServiceImpl - 🏠🔵 foundCustomer com.ntu.edu.group5.ecommerce.entity.Customer@1e32be24
19:33:59.895 [main] INFO  c.n.e.g.e.service.AddressServiceImpl - 🏠🟢 POST newAddress saved in orderRepo com.ntu.edu.group5.ecommerce.entity.Address@48b745af
19:33:59.895 [main] INFO  c.n.e.g.e.service.AddressServiceImpl - 🏠🔵 AddressServiceImpl - received creat request  customerId 1 blockNumber  streetName Jalan Tunang buildingName Engaged Building city SG state SG postalCode 670456
19:33:59.902 [main] INFO  c.n.e.g.e.service.AddressServiceImpl - 🏠🔵 foundCustomer com.ntu.edu.group5.ecommerce.entity.Customer@5ceb9fae
19:33:59.905 [main] INFO  c.n.e.g.e.service.AddressServiceImpl - 🏠🟢 POST newAddress saved in orderRepo com.ntu.edu.group5.ecommerce.entity.Address@75d0b7d5
19:33:59.905 [main] INFO  c.n.e.g.e.service.AddressServiceImpl - 🏠🔵 AddressServiceImpl - received creat request  customerId 2 blockNumber  streetName Kampung Java buildingName Java Village city SG state SG postalCode 670457
19:33:59.911 [main] INFO  c.n.e.g.e.service.AddressServiceImpl - 🏠🔵 foundCustomer com.ntu.edu.group5.ecommerce.entity.Customer@6840f38e
19:33:59.914 [main] INFO  c.n.e.g.e.service.AddressServiceImpl - 🏠🟢 POST newAddress saved in orderRepo com.ntu.edu.group5.ecommerce.entity.Address@6da50fd
19:33:59.914 [main] INFO  c.n.e.g.e.service.AddressServiceImpl - 🏠🔵 AddressServiceImpl - received creat request  customerId 2 blockNumber  streetName Jalan Satay buildingName Satay Street city SG state SG postalCode 670458
19:33:59.920 [main] INFO  c.n.e.g.e.service.AddressServiceImpl - 🏠🔵 foundCustomer com.ntu.edu.group5.ecommerce.entity.Customer@7c8ae2c6
19:33:59.924 [main] INFO  c.n.e.g.e.service.AddressServiceImpl - 🏠🟢 POST newAddress saved in orderRepo com.ntu.edu.group5.ecommerce.entity.Address@692c8530
19:33:59.924 [main] INFO  c.n.e.g.e.service.AddressServiceImpl - 🏠🔵 AddressServiceImpl - received creat request  customerId 3 blockNumber  streetName Kay Poh Road buildingName Busy Body Inc city SG state SG postalCode 670459
19:33:59.928 [main] INFO  c.n.e.g.e.service.AddressServiceImpl - 🏠🔵 foundCustomer com.ntu.edu.group5.ecommerce.entity.Customer@38613df7
19:33:59.935 [main] INFO  c.n.e.g.e.service.AddressServiceImpl - 🏠🟢 POST newAddress saved in orderRepo com.ntu.edu.group5.ecommerce.entity.Address@c2b7028
19:33:59.935 [main] INFO  c.n.e.g.e.service.AddressServiceImpl - 🏠🔵 AddressServiceImpl - received creat request  customerId 3 blockNumber  streetName Lorong Lew Lian buildingName Durian Hub city SG state SG postalCode 670460
19:33:59.943 [main] INFO  c.n.e.g.e.service.AddressServiceImpl - 🏠🔵 foundCustomer com.ntu.edu.group5.ecommerce.entity.Customer@758a3ba0
19:33:59.947 [main] INFO  c.n.e.g.e.service.AddressServiceImpl - 🏠🟢 POST newAddress saved in orderRepo com.ntu.edu.group5.ecommerce.entity.Address@1c2912bb
19:33:59.947 [main] INFO  c.n.e.g.e.service.AddressServiceImpl - 🏠🔵 AddressServiceImpl - received creat request  customerId 4 blockNumber  streetName Rotan Lane buildingName Discipline Place city SG state SG postalCode 670461
19:33:59.951 [main] INFO  c.n.e.g.e.service.AddressServiceImpl - 🏠🔵 foundCustomer com.ntu.edu.group5.ecommerce.entity.Customer@49d5b1
19:34:00.079 [main] INFO  c.n.e.g.e.service.AddressServiceImpl - 🏠🟢 POST newAddress saved in orderRepo com.ntu.edu.group5.ecommerce.entity.Address@664d4ee1
19:34:00.079 [main] INFO  c.n.e.g.e.service.AddressServiceImpl - 🏠🔵 AddressServiceImpl - received creat request  customerId 4 blockNumber  streetName Pending Road buildingName Wait Long Long city SG state SG postalCode 670462
19:34:00.139 [main] INFO  c.n.e.g.e.service.AddressServiceImpl - 🏠🔵 foundCustomer com.ntu.edu.group5.ecommerce.entity.Customer@38e6dab2
19:34:00.142 [main] INFO  c.n.e.g.e.service.AddressServiceImpl - 🏠🟢 POST newAddress saved in orderRepo com.ntu.edu.group5.ecommerce.entity.Address@2878abcd
19:34:00.142 [main] INFO  c.n.e.g.e.service.AddressServiceImpl - 🏠🔵 AddressServiceImpl - received creat request  customerId 5 blockNumber  streetName Jalan Malu Malu buildingName Shy city SG state SG postalCode 670462
19:34:00.152 [main] INFO  c.n.e.g.e.service.AddressServiceImpl - 🏠🔵 foundCustomer com.ntu.edu.group5.ecommerce.entity.Customer@2fc6e673
19:34:00.172 [main] INFO  c.n.e.g.e.service.AddressServiceImpl - 🏠🟢 POST newAddress saved in orderRepo com.ntu.edu.group5.ecommerce.entity.Address@4d8decd1
19:34:00.172 [main] INFO  c.n.e.g.e.service.AddressServiceImpl - 🏠🔵 AddressServiceImpl - received creat request  customerId 5 blockNumber  streetName Jalan Langgar buildingName Crash Zone city SG state SG postalCode 670463
19:34:00.174 [main] INFO  c.n.e.g.e.service.AddressServiceImpl - 🏠🔵 foundCustomer com.ntu.edu.group5.ecommerce.entity.Customer@50859a18
19:34:00.177 [main] INFO  c.n.e.g.e.service.AddressServiceImpl - 🏠🟢 POST newAddress saved in orderRepo com.ntu.edu.group5.ecommerce.entity.Address@65028252
19:34:00.177 [main] INFO  c.n.e.g.e.service.AddressServiceImpl - 🏠🔵 AddressServiceImpl - received creat request  customerId 6 blockNumber  streetName Jalan Pisang buildingName Banana city SG state SG postalCode 670464
19:34:00.179 [main] INFO  c.n.e.g.e.service.AddressServiceImpl - 🏠🔵 foundCustomer com.ntu.edu.group5.ecommerce.entity.Customer@54875db0
19:34:00.181 [main] INFO  c.n.e.g.e.service.AddressServiceImpl - 🏠🟢 POST newAddress saved in orderRepo com.ntu.edu.group5.ecommerce.entity.Address@6603f03d
19:34:00.181 [main] INFO  c.n.e.g.e.service.AddressServiceImpl - 🏠🔵 AddressServiceImpl - received creat request  customerId 7 blockNumber  streetName Kallang Pudding Road buildingName Pudding city SG state SG postalCode 670464
19:34:00.183 [main] INFO  c.n.e.g.e.service.AddressServiceImpl - 🏠🔵 foundCustomer com.ntu.edu.group5.ecommerce.entity.Customer@238d045a
19:34:00.186 [main] INFO  c.n.e.g.e.service.AddressServiceImpl - 🏠🟢 POST newAddress saved in orderRepo com.ntu.edu.group5.ecommerce.entity.Address@567400fb
19:34:00.186 [main] INFO  c.n.e.g.e.service.AddressServiceImpl - 🏠🔵 AddressServiceImpl - received creat request  customerId 8 blockNumber  streetName Sandwich Road buildingName Delicious city SG state SG postalCode 670465
19:34:00.187 [main] INFO  c.n.e.g.e.service.AddressServiceImpl - 🏠🔵 foundCustomer com.ntu.edu.group5.ecommerce.entity.Customer@5de993d
19:34:00.190 [main] INFO  c.n.e.g.e.service.AddressServiceImpl - 🏠🟢 POST newAddress saved in orderRepo com.ntu.edu.group5.ecommerce.entity.Address@45e65f8
19:34:00.190 [main] INFO  c.n.e.g.e.service.AddressServiceImpl - 🏠🔵 AddressServiceImpl - received creat request  customerId 9 blockNumber  streetName Cheow Keng Road buildingName Escape city SG state SG postalCode 670466
19:34:00.193 [main] INFO  c.n.e.g.e.service.AddressServiceImpl - 🏠🔵 foundCustomer com.ntu.edu.group5.ecommerce.entity.Customer@7f25d1d3
19:34:00.195 [main] INFO  c.n.e.g.e.service.AddressServiceImpl - 🏠🟢 POST newAddress saved in orderRepo com.ntu.edu.group5.ecommerce.entity.Address@1d57b043
19:34:00.196 [main] INFO  c.n.e.g.e.service.AddressServiceImpl - 🏠🔵 AddressServiceImpl - received creat request  customerId 10 blockNumber  streetName Robinson Road buildingName Robbing son city SG state SG postalCode 670467
19:34:00.198 [main] INFO  c.n.e.g.e.service.AddressServiceImpl - 🏠🔵 foundCustomer com.ntu.edu.group5.ecommerce.entity.Customer@49efc5ba
19:34:00.199 [main] INFO  c.n.e.g.e.service.AddressServiceImpl - 🏠🟢 POST newAddress saved in orderRepo com.ntu.edu.group5.ecommerce.entity.Address@643e0a19
19:34:00.208 [main] INFO  c.n.e.g.e.service.ProductServiceImpl - 🧾🔵 finding foundSeller ... 1
19:34:00.214 [main] INFO  c.n.e.g.e.service.ProductServiceImpl - 🧾🔵 finding foundSeller ... 1
19:34:00.218 [main] INFO  c.n.e.g.e.service.ProductServiceImpl - 🧾🔵 finding foundSeller ... 1
19:34:00.221 [main] INFO  c.n.e.g.e.service.ProductServiceImpl - 🧾🔵 finding foundSeller ... 1
19:34:00.225 [main] INFO  c.n.e.g.e.service.ProductServiceImpl - 🧾🔵 finding foundSeller ... 1
19:34:00.228 [main] INFO  c.n.e.g.e.service.ProductServiceImpl - 🧾🔵 finding foundSeller ... 1
19:34:00.232 [main] INFO  c.n.e.g.e.service.ProductServiceImpl - 🧾🔵 finding foundSeller ... 2
19:34:00.240 [main] INFO  c.n.e.g.e.service.ProductServiceImpl - 🧾🔵 finding foundSeller ... 2
19:34:00.256 [main] INFO  c.n.e.g.e.service.ProductServiceImpl - 🧾🔵 finding foundSeller ... 2
19:34:00.262 [main] INFO  c.n.e.g.e.service.ProductServiceImpl - 🧾🔵 finding foundSeller ... 2
19:34:00.267 [main] INFO  c.n.e.g.e.service.ProductServiceImpl - 🧾🔵 finding foundSeller ... 2
19:34:00.271 [main] INFO  c.n.e.g.e.service.ProductServiceImpl - 🧾🔵 finding foundSeller ... 2
19:34:00.278 [main] INFO  c.n.e.g.e.service.ProductServiceImpl - 🧾🔵 finding foundSeller ... 2
19:34:00.283 [main] INFO  c.n.e.g.e.service.ProductServiceImpl - 🧾🔵 finding foundSeller ... 3
19:34:00.286 [main] INFO  c.n.e.g.e.service.ProductServiceImpl - 🧾🔵 finding foundSeller ... 3
19:34:00.293 [main] INFO  c.n.e.g.e.service.ProductServiceImpl - 🧾🔵 finding foundSeller ... 3
19:34:00.305 [main] INFO  c.n.e.g.e.service.ProductServiceImpl - 🧾🔵 finding foundSeller ... 3
19:34:00.309 [main] INFO  c.n.e.g.e.service.ProductServiceImpl - 🧾🔵 finding foundSeller ... 3
19:34:00.315 [main] INFO  c.n.e.g.e.service.ProductServiceImpl - 🧾🔵 finding foundSeller ... 3
19:34:00.320 [main] INFO  c.n.e.g.e.service.ProductServiceImpl - 🧾🔵 finding foundSeller ... 3
19:34:00.323 [main] INFO  c.n.e.g.e.service.OrderServiceImpl - 🧾🔵 createOrder requested addressId 1
19:34:00.333 [main] INFO  c.n.e.g.e.service.OrderServiceImpl - 🧾🔵 foundAddress com.ntu.edu.group5.ecommerce.entity.Address@1b05c2e8
19:34:00.341 [main] INFO  c.n.e.g.e.service.OrderServiceImpl - 🧾🟢(d) POST newOrder saved in orderRepo Order [orderId=1, orderDate=2024-01-14 19:34:00.336724, orderAddress=com.ntu.edu.group5.ecommerce.entity.Address@1b05c2e8, orderedItems=[], total=0.0]
19:34:00.341 [main] INFO  c.n.e.g.e.service.OrderServiceImpl - 🧾🔵 createOrder requested addressId 2
19:34:00.350 [main] INFO  c.n.e.g.e.service.OrderServiceImpl - 🧾🔵 foundAddress com.ntu.edu.group5.ecommerce.entity.Address@53b464b9
19:34:00.354 [main] INFO  c.n.e.g.e.service.OrderServiceImpl - 🧾🟢(d) POST newOrder saved in orderRepo Order [orderId=2, orderDate=2024-01-14 19:34:00.351174, orderAddress=com.ntu.edu.group5.ecommerce.entity.Address@53b464b9, orderedItems=[], total=0.0]
19:34:00.354 [main] INFO  c.n.e.g.e.service.OrderServiceImpl - 🧾🔵 createOrder requested addressId 3
19:34:00.360 [main] INFO  c.n.e.g.e.service.OrderServiceImpl - 🧾🔵 foundAddress com.ntu.edu.group5.ecommerce.entity.Address@37ca8b4c
19:34:00.365 [main] INFO  c.n.e.g.e.service.OrderServiceImpl - 🧾🟢(d) POST newOrder saved in orderRepo Order [orderId=3, orderDate=2024-01-14 19:34:00.361325, orderAddress=com.ntu.edu.group5.ecommerce.entity.Address@37ca8b4c, orderedItems=[], total=0.0]
19:34:00.366 [main] INFO  c.n.e.g.e.service.OrderServiceImpl - 🧾🔵 createOrder requested addressId 4
19:34:00.373 [main] INFO  c.n.e.g.e.service.OrderServiceImpl - 🧾🔵 foundAddress com.ntu.edu.group5.ecommerce.entity.Address@5fbb2225
19:34:00.377 [main] INFO  c.n.e.g.e.service.OrderServiceImpl - 🧾🟢(d) POST newOrder saved in orderRepo Order [orderId=4, orderDate=2024-01-14 19:34:00.374633, orderAddress=com.ntu.edu.group5.ecommerce.entity.Address@5fbb2225, orderedItems=[], total=0.0]
19:34:00.377 [main] INFO  c.n.e.g.e.service.OrderServiceImpl - 🧾🔵 createOrder requested addressId 5
19:34:00.390 [main] INFO  c.n.e.g.e.service.OrderServiceImpl - 🧾🔵 foundAddress com.ntu.edu.group5.ecommerce.entity.Address@23b824b3
19:34:00.393 [main] INFO  c.n.e.g.e.service.OrderServiceImpl - 🧾🟢(d) POST newOrder saved in orderRepo Order [orderId=5, orderDate=2024-01-14 19:34:00.391235, orderAddress=com.ntu.edu.group5.ecommerce.entity.Address@23b824b3, orderedItems=[], total=0.0]
19:34:00.393 [main] INFO  c.n.e.g.e.service.OrderServiceImpl - 🧾🔵 createOrder requested addressId 6
19:34:00.506 [main] INFO  c.n.e.g.e.service.OrderServiceImpl - 🧾🔵 foundAddress com.ntu.edu.group5.ecommerce.entity.Address@3dacb927
19:34:00.513 [main] INFO  c.n.e.g.e.service.OrderServiceImpl - 🧾🟢(d) POST newOrder saved in orderRepo Order [orderId=6, orderDate=2024-01-14 19:34:00.507616, orderAddress=com.ntu.edu.group5.ecommerce.entity.Address@3dacb927, orderedItems=[], total=0.0]
19:34:00.513 [main] INFO  c.n.e.g.e.service.OrderServiceImpl - 🧾🔵 createOrder requested addressId 7
19:34:00.521 [main] INFO  c.n.e.g.e.service.OrderServiceImpl - 🧾🔵 foundAddress com.ntu.edu.group5.ecommerce.entity.Address@21ec86e6
19:34:00.524 [main] INFO  c.n.e.g.e.service.OrderServiceImpl - 🧾🟢(d) POST newOrder saved in orderRepo Order [orderId=7, orderDate=2024-01-14 19:34:00.521808, orderAddress=com.ntu.edu.group5.ecommerce.entity.Address@21ec86e6, orderedItems=[], total=0.0]
19:34:00.524 [main] INFO  c.n.e.g.e.service.OrderServiceImpl - 🧾🔵 createOrder requested addressId 8
19:34:00.531 [main] INFO  c.n.e.g.e.service.OrderServiceImpl - 🧾🔵 foundAddress com.ntu.edu.group5.ecommerce.entity.Address@164212ad
19:34:00.535 [main] INFO  c.n.e.g.e.service.OrderServiceImpl - 🧾🟢(d) POST newOrder saved in orderRepo Order [orderId=8, orderDate=2024-01-14 19:34:00.532048, orderAddress=com.ntu.edu.group5.ecommerce.entity.Address@164212ad, orderedItems=[], total=0.0]
19:34:00.535 [main] INFO  c.n.e.g.e.service.OrderServiceImpl - 🧾🔵 createOrder requested addressId 9
19:34:00.541 [main] INFO  c.n.e.g.e.service.OrderServiceImpl - 🧾🔵 foundAddress com.ntu.edu.group5.ecommerce.entity.Address@7b217a33
19:34:00.547 [main] INFO  c.n.e.g.e.service.OrderServiceImpl - 🧾🟢(d) POST newOrder saved in orderRepo Order [orderId=9, orderDate=2024-01-14 19:34:00.541627, orderAddress=com.ntu.edu.group5.ecommerce.entity.Address@7b217a33, orderedItems=[], total=0.0]
19:34:00.548 [main] INFO  c.n.e.g.e.service.OrderServiceImpl - 🧾🔵 createOrder requested addressId 10
19:34:00.567 [main] INFO  c.n.e.g.e.service.OrderServiceImpl - 🧾🔵 foundAddress com.ntu.edu.group5.ecommerce.entity.Address@773e4573
19:34:00.571 [main] INFO  c.n.e.g.e.service.OrderServiceImpl - 🧾🟢(d) POST newOrder saved in orderRepo Order [orderId=10, orderDate=2024-01-14 19:34:00.568101, orderAddress=com.ntu.edu.group5.ecommerce.entity.Address@773e4573, orderedItems=[], total=0.0]
19:34:00.757 [main] INFO  c.n.e.g.e.s.CartItemServiceImpl - 🛒 foundProductcom.ntu.edu.group5.ecommerce.entity.Product@54f3fd30
19:34:00.765 [main] INFO  c.n.e.g.e.s.CartItemServiceImpl - 🛒 foundOrderOrder [orderId=1, orderDate=2024-01-14 19:34:00.336724, orderAddress=com.ntu.edu.group5.ecommerce.entity.Address@b50cfa7, orderedItems=[], total=0.0]
19:34:00.773 [main] INFO  c.n.e.g.e.s.CartItemServiceImpl - 🔵💲checking  currCartItem 2 unitPrice 1900.0 x cartItemQuantity 11 equals 20900.0
19:34:00.774 [main] INFO  c.n.e.g.e.s.CartItemServiceImpl - 🛒🟢💲 Checked calculation correct for Order. Saving to REPOOrder [orderId=1, orderDate=2024-01-14 19:34:00.336724, orderAddress=com.ntu.edu.group5.ecommerce.entity.Address@b50cfa7, orderedItems=[], total=0.0]
19:34:00.788 [main] INFO  c.n.e.g.e.s.CartItemServiceImpl - 🛒🟢  newCart set with product, quantity and order saved to repocom.ntu.edu.group5.ecommerce.entity.CartItem@5914a346
19:34:00.789 [main] INFO  c.n.e.g.e.s.CartItemServiceImpl - 🛒 foundProductcom.ntu.edu.group5.ecommerce.entity.Product@2640893e
19:34:00.799 [main] INFO  c.n.e.g.e.s.CartItemServiceImpl - 🛒 foundOrderOrder [orderId=1, orderDate=2024-01-14 19:34:00.336724, orderAddress=com.ntu.edu.group5.ecommerce.entity.Address@1a568f25, orderedItems=[com.ntu.edu.group5.ecommerce.entity.CartItem@b4a76f3], total=20900.0]
19:34:00.808 [main] INFO  c.n.e.g.e.s.CartItemServiceImpl - 🔵💲checking  currCartItem 1 unitPrice 1900.0 x cartItemQuantity 11 equals 20900.0
19:34:00.809 [main] INFO  c.n.e.g.e.s.CartItemServiceImpl - 🔵💲checking  currCartItem 2 unitPrice 3700.0 x cartItemQuantity 22 equals 81400.0
19:34:00.809 [main] INFO  c.n.e.g.e.s.CartItemServiceImpl - 🛒🟢💲 Checked calculation correct for Order. Saving to REPOOrder [orderId=1, orderDate=2024-01-14 19:34:00.336724, orderAddress=com.ntu.edu.group5.ecommerce.entity.Address@1a568f25, orderedItems=[com.ntu.edu.group5.ecommerce.entity.CartItem@b4a76f3], total=20900.0]
19:34:00.824 [main] INFO  c.n.e.g.e.s.CartItemServiceImpl - 🛒🟢  newCart set with product, quantity and order saved to repocom.ntu.edu.group5.ecommerce.entity.CartItem@64f514d2
19:34:00.826 [main] INFO  c.n.e.g.e.s.CartItemServiceImpl - 🛒 foundProductcom.ntu.edu.group5.ecommerce.entity.Product@11b59291
19:34:00.839 [main] INFO  c.n.e.g.e.s.CartItemServiceImpl - 🛒 foundOrderOrder [orderId=1, orderDate=2024-01-14 19:34:00.336724, orderAddress=com.ntu.edu.group5.ecommerce.entity.Address@21fba6fd, orderedItems=[com.ntu.edu.group5.ecommerce.entity.CartItem@72a48403, com.ntu.edu.group5.ecommerce.entity.CartItem@2de1a93d], total=102300.0]
19:34:00.847 [main] INFO  c.n.e.g.e.s.CartItemServiceImpl - 🔵💲checking  currCartItem 1 unitPrice 1900.0 x cartItemQuantity 11 equals 20900.0
19:34:00.847 [main] INFO  c.n.e.g.e.s.CartItemServiceImpl - 🔵💲checking  currCartItem 1 unitPrice 3700.0 x cartItemQuantity 22 equals 81400.0
19:34:00.847 [main] INFO  c.n.e.g.e.s.CartItemServiceImpl - 🔵💲checking  currCartItem 3 unitPrice 2200.0 x cartItemQuantity 33 equals 72600.0
19:34:00.847 [main] INFO  c.n.e.g.e.s.CartItemServiceImpl - 🛒🟢💲 Checked calculation correct for Order. Saving to REPOOrder [orderId=1, orderDate=2024-01-14 19:34:00.336724, orderAddress=com.ntu.edu.group5.ecommerce.entity.Address@21fba6fd, orderedItems=[com.ntu.edu.group5.ecommerce.entity.CartItem@72a48403, com.ntu.edu.group5.ecommerce.entity.CartItem@2de1a93d], total=102300.0]
19:34:00.870 [main] INFO  c.n.e.g.e.s.CartItemServiceImpl - 🛒🟢  newCart set with product, quantity and order saved to repocom.ntu.edu.group5.ecommerce.entity.CartItem@c1707d4
19:34:00.871 [main] INFO  c.n.e.g.e.s.CartItemServiceImpl - 🛒 foundProductcom.ntu.edu.group5.ecommerce.entity.Product@bc35e84
19:34:00.889 [main] INFO  c.n.e.g.e.s.CartItemServiceImpl - 🛒 foundOrderOrder [orderId=1, orderDate=2024-01-14 19:34:00.336724, orderAddress=com.ntu.edu.group5.ecommerce.entity.Address@122a3a87, orderedItems=[com.ntu.edu.group5.ecommerce.entity.CartItem@7e9bb52f, com.ntu.edu.group5.ecommerce.entity.CartItem@45e4dc42, com.ntu.edu.group5.ecommerce.entity.CartItem@1386f8bb], total=174900.0]
19:34:00.897 [main] INFO  c.n.e.g.e.s.CartItemServiceImpl - 🔵💲checking  currCartItem 1 unitPrice 1900.0 x cartItemQuantity 11 equals 20900.0
19:34:00.897 [main] INFO  c.n.e.g.e.s.CartItemServiceImpl - 🔵💲checking  currCartItem 1 unitPrice 3700.0 x cartItemQuantity 22 equals 81400.0
19:34:00.898 [main] INFO  c.n.e.g.e.s.CartItemServiceImpl - 🔵💲checking  currCartItem 2 unitPrice 2200.0 x cartItemQuantity 33 equals 72600.0
19:34:00.898 [main] INFO  c.n.e.g.e.s.CartItemServiceImpl - 🔵💲checking  currCartItem 4 unitPrice 2300.0 x cartItemQuantity 44 equals 101200.0
19:34:00.898 [main] INFO  c.n.e.g.e.s.CartItemServiceImpl - 🛒🟢💲 Checked calculation correct for Order. Saving to REPOOrder [orderId=1, orderDate=2024-01-14 19:34:00.336724, orderAddress=com.ntu.edu.group5.ecommerce.entity.Address@122a3a87, orderedItems=[com.ntu.edu.group5.ecommerce.entity.CartItem@7e9bb52f, com.ntu.edu.group5.ecommerce.entity.CartItem@45e4dc42, com.ntu.edu.group5.ecommerce.entity.CartItem@1386f8bb], total=174900.0]
19:34:00.920 [main] INFO  c.n.e.g.e.s.CartItemServiceImpl - 🛒🟢  newCart set with product, quantity and order saved to repocom.ntu.edu.group5.ecommerce.entity.CartItem@76ec6ae0
19:34:00.922 [main] INFO  c.n.e.g.e.s.CartItemServiceImpl - 🛒 foundProductcom.ntu.edu.group5.ecommerce.entity.Product@38dfbd6e
19:34:00.935 [main] INFO  c.n.e.g.e.s.CartItemServiceImpl - 🛒 foundOrderOrder [orderId=2, orderDate=2024-01-14 19:34:00.351174, orderAddress=com.ntu.edu.group5.ecommerce.entity.Address@3bd05779, orderedItems=[], total=0.0]
19:34:00.940 [main] INFO  c.n.e.g.e.s.CartItemServiceImpl - 🔵💲checking  currCartItem 2 unitPrice 1800.0 x cartItemQuantity 55 equals 99000.0
19:34:00.941 [main] INFO  c.n.e.g.e.s.CartItemServiceImpl - 🛒🟢💲 Checked calculation correct for Order. Saving to REPOOrder [orderId=2, orderDate=2024-01-14 19:34:00.351174, orderAddress=com.ntu.edu.group5.ecommerce.entity.Address@3bd05779, orderedItems=[], total=0.0]
19:34:01.114 [main] INFO  c.n.e.g.e.s.CartItemServiceImpl - 🛒🟢  newCart set with product, quantity and order saved to repocom.ntu.edu.group5.ecommerce.entity.CartItem@3c32105c
19:34:01.116 [main] INFO  c.n.e.g.e.s.CartItemServiceImpl - 🛒 foundProductcom.ntu.edu.group5.ecommerce.entity.Product@398e1a48
19:34:01.156 [main] INFO  c.n.e.g.e.s.CartItemServiceImpl - 🛒 foundOrderOrder [orderId=2, orderDate=2024-01-14 19:34:00.351174, orderAddress=com.ntu.edu.group5.ecommerce.entity.Address@3bbb5b2, orderedItems=[com.ntu.edu.group5.ecommerce.entity.CartItem@3c0cfaad], total=99000.0]
19:34:01.158 [main] INFO  c.n.e.g.e.s.CartItemServiceImpl - 🔵💲checking  currCartItem 1 unitPrice 1800.0 x cartItemQuantity 55 equals 99000.0
19:34:01.158 [main] INFO  c.n.e.g.e.s.CartItemServiceImpl - 🔵💲checking  currCartItem 2 unitPrice 900.99 x cartItemQuantity 66 equals 59465.340000000004
19:34:01.158 [main] INFO  c.n.e.g.e.s.CartItemServiceImpl - 🛒🟢💲 Checked calculation correct for Order. Saving to REPOOrder [orderId=2, orderDate=2024-01-14 19:34:00.351174, orderAddress=com.ntu.edu.group5.ecommerce.entity.Address@3bbb5b2, orderedItems=[com.ntu.edu.group5.ecommerce.entity.CartItem@3c0cfaad], total=99000.0]
19:34:01.195 [main] INFO  c.n.e.g.e.s.CartItemServiceImpl - 🛒🟢  newCart set with product, quantity and order saved to repocom.ntu.edu.group5.ecommerce.entity.CartItem@7b8d2b32
19:34:01.197 [main] INFO  c.n.e.g.e.s.CartItemServiceImpl - 🛒 foundProductcom.ntu.edu.group5.ecommerce.entity.Product@622ae2ba
19:34:01.211 [main] INFO  c.n.e.g.e.s.CartItemServiceImpl - 🛒 foundOrderOrder [orderId=2, orderDate=2024-01-14 19:34:00.351174, orderAddress=com.ntu.edu.group5.ecommerce.entity.Address@7f77131b, orderedItems=[com.ntu.edu.group5.ecommerce.entity.CartItem@1465d125, com.ntu.edu.group5.ecommerce.entity.CartItem@1d502d6c], total=158465.34]
19:34:01.213 [main] INFO  c.n.e.g.e.s.CartItemServiceImpl - 🔵💲checking  currCartItem 1 unitPrice 1800.0 x cartItemQuantity 55 equals 99000.0
19:34:01.214 [main] INFO  c.n.e.g.e.s.CartItemServiceImpl - 🔵💲checking  currCartItem 1 unitPrice 900.99 x cartItemQuantity 66 equals 59465.340000000004
19:34:01.214 [main] INFO  c.n.e.g.e.s.CartItemServiceImpl - 🔵💲checking  currCartItem 3 unitPrice 98.99 x cartItemQuantity 77 equals 7622.23
19:34:01.214 [main] INFO  c.n.e.g.e.s.CartItemServiceImpl - 🛒🟢💲 Checked calculation correct for Order. Saving to REPOOrder [orderId=2, orderDate=2024-01-14 19:34:00.351174, orderAddress=com.ntu.edu.group5.ecommerce.entity.Address@7f77131b, orderedItems=[com.ntu.edu.group5.ecommerce.entity.CartItem@1465d125, com.ntu.edu.group5.ecommerce.entity.CartItem@1d502d6c], total=158465.34]
19:34:01.238 [main] INFO  c.n.e.g.e.s.CartItemServiceImpl - 🛒🟢  newCart set with product, quantity and order saved to repocom.ntu.edu.group5.ecommerce.entity.CartItem@2447e2e
19:34:01.239 [main] INFO  c.n.e.g.e.s.CartItemServiceImpl - 🛒 foundProductcom.ntu.edu.group5.ecommerce.entity.Product@79401d4f
19:34:01.262 [main] INFO  c.n.e.g.e.s.CartItemServiceImpl - 🛒 foundOrderOrder [orderId=3, orderDate=2024-01-14 19:34:00.361325, orderAddress=com.ntu.edu.group5.ecommerce.entity.Address@68437190, orderedItems=[], total=0.0]
19:34:01.269 [main] INFO  c.n.e.g.e.s.CartItemServiceImpl - 🔵💲checking  currCartItem 2 unitPrice 499.0 x cartItemQuantity 88 equals 43912.0
19:34:01.269 [main] INFO  c.n.e.g.e.s.CartItemServiceImpl - 🛒🟢💲 Checked calculation correct for Order. Saving to REPOOrder [orderId=3, orderDate=2024-01-14 19:34:00.361325, orderAddress=com.ntu.edu.group5.ecommerce.entity.Address@68437190, orderedItems=[], total=0.0]
19:34:01.302 [main] INFO  c.n.e.g.e.s.CartItemServiceImpl - 🛒🟢  newCart set with product, quantity and order saved to repocom.ntu.edu.group5.ecommerce.entity.CartItem@2f98c012
19:34:01.304 [main] INFO  c.n.e.g.e.s.CartItemServiceImpl - 🛒 foundProductcom.ntu.edu.group5.ecommerce.entity.Product@5580356d
19:34:01.326 [main] INFO  c.n.e.g.e.s.CartItemServiceImpl - 🛒 foundOrderOrder [orderId=3, orderDate=2024-01-14 19:34:00.361325, orderAddress=com.ntu.edu.group5.ecommerce.entity.Address@2db12c5b, orderedItems=[com.ntu.edu.group5.ecommerce.entity.CartItem@17e9e99], total=43912.0]
19:34:01.328 [main] INFO  c.n.e.g.e.s.CartItemServiceImpl - 🔵💲checking  currCartItem 1 unitPrice 499.0 x cartItemQuantity 88 equals 43912.0
19:34:01.329 [main] INFO  c.n.e.g.e.s.CartItemServiceImpl - 🔵💲checking  currCartItem 2 unitPrice 1200.0 x cartItemQuantity 99 equals 118800.0
19:34:01.329 [main] INFO  c.n.e.g.e.s.CartItemServiceImpl - 🛒🟢💲 Checked calculation correct for Order. Saving to REPOOrder [orderId=3, orderDate=2024-01-14 19:34:00.361325, orderAddress=com.ntu.edu.group5.ecommerce.entity.Address@2db12c5b, orderedItems=[com.ntu.edu.group5.ecommerce.entity.CartItem@17e9e99], total=43912.0]
19:34:01.362 [main] INFO  c.n.e.g.e.s.CartItemServiceImpl - 🛒🟢  newCart set with product, quantity and order saved to repocom.ntu.edu.group5.ecommerce.entity.CartItem@1da9b95d
19:34:01.364 [main] INFO  c.n.e.g.e.s.CartItemServiceImpl - 🛒 foundProductcom.ntu.edu.group5.ecommerce.entity.Product@69724abb
19:34:01.440 [main] INFO  c.n.e.g.e.s.CartItemServiceImpl - 🛒 foundOrderOrder [orderId=3, orderDate=2024-01-14 19:34:00.361325, orderAddress=com.ntu.edu.group5.ecommerce.entity.Address@6b4499f1, orderedItems=[com.ntu.edu.group5.ecommerce.entity.CartItem@6bc67b0b, com.ntu.edu.group5.ecommerce.entity.CartItem@33c109d2], total=162712.0]
19:34:01.459 [main] INFO  c.n.e.g.e.s.CartItemServiceImpl - 🔵💲checking  currCartItem 1 unitPrice 499.0 x cartItemQuantity 88 equals 43912.0
19:34:01.459 [main] INFO  c.n.e.g.e.s.CartItemServiceImpl - 🔵💲checking  currCartItem 1 unitPrice 1200.0 x cartItemQuantity 99 equals 118800.0
19:34:01.459 [main] INFO  c.n.e.g.e.s.CartItemServiceImpl - 🔵💲checking  currCartItem 3 unitPrice 1600.0 x cartItemQuantity 100 equals 160000.0
19:34:01.459 [main] INFO  c.n.e.g.e.s.CartItemServiceImpl - 🛒🟢💲 Checked calculation correct for Order. Saving to REPOOrder [orderId=3, orderDate=2024-01-14 19:34:00.361325, orderAddress=com.ntu.edu.group5.ecommerce.entity.Address@6b4499f1, orderedItems=[com.ntu.edu.group5.ecommerce.entity.CartItem@6bc67b0b, com.ntu.edu.group5.ecommerce.entity.CartItem@33c109d2], total=162712.0]
19:34:01.514 [main] INFO  c.n.e.g.e.s.CartItemServiceImpl - 🛒🟢  newCart set with product, quantity and order saved to repocom.ntu.edu.group5.ecommerce.entity.CartItem@702189aa
19:34:01.707 [main] WARN  o.s.b.a.o.j.JpaBaseConfiguration$JpaWebConfiguration - spring.jpa.open-in-view is enabled by default. Therefore, database queries may be performed during view rendering. Explicitly configure spring.jpa.open-in-view to disable this warning
19:34:01.748 [main] INFO  o.s.b.a.w.s.WelcomePageHandlerMapping - Adding welcome page: class path resource [static/index.html]
19:34:02.278 [main] INFO  o.s.b.a.e.web.EndpointLinksResolver - Exposing 2 endpoint(s) beneath base path '/actuator'
19:34:02.322 [main] INFO  c.n.e.g.e.TestSellerServiceforTest - Started TestSellerServiceforTest in 4.407 seconds (process running for 19.645)
]]></system-out>
  </testcase>
  <testcase name="testVerifyPasswordLengthIs9" classname="com.ntu.edu.group5.ecommerce.TestSellerServiceforTest" time="0.008"/>
  <testcase name="testVerifyPasswordLengthLessThan8" classname="com.ntu.edu.group5.ecommerce.TestSellerServiceforTest" time="0.006"/>
</testsuite>